CRITICAL - 2023-01-14 16:34:56 --> Undefined variable $msg
in APPPATH/Views/categoria_form.php on line 15.
 1 APPPATH/Views/categoria_form.php(15): CodeIgniter\Debug\Exceptions->errorHandler()
 2 SYSTEMPATH/View/View.php(213): include('APPPATH/Views/categoria_form.php')
 3 SYSTEMPATH/View/View.php(216): CodeIgniter\View\View->CodeIgniter\View\{closure}()
 4 SYSTEMPATH/Common.php(1177): CodeIgniter\View\View->render()
 5 APPPATH/Controllers/Categorias.php(31): view()
 6 SYSTEMPATH/CodeIgniter.php(934): App\Controllers\Categorias->inserir()
 7 SYSTEMPATH/CodeIgniter.php(499): CodeIgniter\CodeIgniter->runController()
 8 SYSTEMPATH/CodeIgniter.php(368): CodeIgniter\CodeIgniter->handleRequest()
 9 FCPATH/index.php(67): CodeIgniter\CodeIgniter->run()
ERROR - 2023-01-14 16:48:47 --> Error connecting to the database: mysqli_sql_exception: Access denied for user 'postgres'@'localhost' (using password: YES) in /var/www/html/ci4app/vendor/codeigniter4/framework/system/Database/MySQLi/Connection.php:174
Stack trace:
#0 /var/www/html/ci4app/vendor/codeigniter4/framework/system/Database/MySQLi/Connection.php(174): mysqli->real_connect()
#1 /var/www/html/ci4app/vendor/codeigniter4/framework/system/Database/BaseConnection.php(391): CodeIgniter\Database\MySQLi\Connection->connect()
#2 /var/www/html/ci4app/vendor/codeigniter4/framework/system/Database/BaseConnection.php(573): CodeIgniter\Database\BaseConnection->initialize()
#3 /var/www/html/ci4app/vendor/codeigniter4/framework/system/Database/BaseBuilder.php(2294): CodeIgniter\Database\BaseConnection->query()
#4 /var/www/html/ci4app/vendor/codeigniter4/framework/system/Model.php(329): CodeIgniter\Database\BaseBuilder->insert()
#5 /var/www/html/ci4app/vendor/codeigniter4/framework/system/BaseModel.php(782): CodeIgniter\Model->doInsert()
#6 /var/www/html/ci4app/vendor/codeigniter4/framework/system/Model.php(728): CodeIgniter\BaseModel->insert()
#7 /var/www/html/ci4app/app/Controllers/Categorias.php(22): CodeIgniter\Model->insert()
#8 /var/www/html/ci4app/vendor/codeigniter4/framework/system/CodeIgniter.php(934): App\Controllers\Categorias->inserir()
#9 /var/www/html/ci4app/vendor/codeigniter4/framework/system/CodeIgniter.php(499): CodeIgniter\CodeIgniter->runController()
#10 /var/www/html/ci4app/vendor/codeigniter4/framework/system/CodeIgniter.php(368): CodeIgniter\CodeIgniter->handleRequest()
#11 /var/www/html/ci4app/public/index.php(67): CodeIgniter\CodeIgniter->run()
#12 {main}

Next CodeIgniter\Database\Exceptions\DatabaseException: Access denied for user '****'@'localhost' (using password: YES) in /var/www/html/ci4app/vendor/codeigniter4/framework/system/Database/MySQLi/Connection.php:218
Stack trace:
#0 /var/www/html/ci4app/vendor/codeigniter4/framework/system/Database/BaseConnection.php(391): CodeIgniter\Database\MySQLi\Connection->connect()
#1 /var/www/html/ci4app/vendor/codeigniter4/framework/system/Database/BaseConnection.php(573): CodeIgniter\Database\BaseConnection->initialize()
#2 /var/www/html/ci4app/vendor/codeigniter4/framework/system/Database/BaseBuilder.php(2294): CodeIgniter\Database\BaseConnection->query()
#3 /var/www/html/ci4app/vendor/codeigniter4/framework/system/Model.php(329): CodeIgniter\Database\BaseBuilder->insert()
#4 /var/www/html/ci4app/vendor/codeigniter4/framework/system/BaseModel.php(782): CodeIgniter\Model->doInsert()
#5 /var/www/html/ci4app/vendor/codeigniter4/framework/system/Model.php(728): CodeIgniter\BaseModel->insert()
#6 /var/www/html/ci4app/app/Controllers/Categorias.php(22): CodeIgniter\Model->insert()
#7 /var/www/html/ci4app/vendor/codeigniter4/framework/system/CodeIgniter.php(934): App\Controllers\Categorias->inserir()
#8 /var/www/html/ci4app/vendor/codeigniter4/framework/system/CodeIgniter.php(499): CodeIgniter\CodeIgniter->runController()
#9 /var/www/html/ci4app/vendor/codeigniter4/framework/system/CodeIgniter.php(368): CodeIgniter\CodeIgniter->handleRequest()
#10 /var/www/html/ci4app/public/index.php(67): CodeIgniter\CodeIgniter->run()
#11 {main}
CRITICAL - 2023-01-14 16:48:47 --> Unable to connect to the database.
Main connection [MySQLi]: Access denied for user '****'@'localhost' (using password: YES)
in SYSTEMPATH/Database/BaseConnection.php on line 427.
 1 SYSTEMPATH/Database/BaseConnection.php(573): CodeIgniter\Database\BaseConnection->initialize()
 2 SYSTEMPATH/Database/BaseBuilder.php(2294): CodeIgniter\Database\BaseConnection->query()
 3 SYSTEMPATH/Model.php(329): CodeIgniter\Database\BaseBuilder->insert()
 4 SYSTEMPATH/BaseModel.php(782): CodeIgniter\Model->doInsert()
 5 SYSTEMPATH/Model.php(728): CodeIgniter\BaseModel->insert()
 6 APPPATH/Controllers/Categorias.php(22): CodeIgniter\Model->insert()
 7 SYSTEMPATH/CodeIgniter.php(934): App\Controllers\Categorias->inserir()
 8 SYSTEMPATH/CodeIgniter.php(499): CodeIgniter\CodeIgniter->runController()
 9 SYSTEMPATH/CodeIgniter.php(368): CodeIgniter\CodeIgniter->handleRequest()
10 FCPATH/index.php(67): CodeIgniter\CodeIgniter->run()
ERROR - 2023-01-14 17:20:58 --> Error connecting to the database: Error: Call to undefined function CodeIgniter\Database\Postgre\pg_connect() in /var/www/html/ci4app/vendor/codeigniter4/framework/system/Database/Postgre/Connection.php:75
Stack trace:
#0 /var/www/html/ci4app/vendor/codeigniter4/framework/system/Database/BaseConnection.php(391): CodeIgniter\Database\Postgre\Connection->connect()
#1 /var/www/html/ci4app/vendor/codeigniter4/framework/system/Database/BaseConnection.php(573): CodeIgniter\Database\BaseConnection->initialize()
#2 /var/www/html/ci4app/vendor/codeigniter4/framework/system/Database/BaseBuilder.php(2294): CodeIgniter\Database\BaseConnection->query()
#3 /var/www/html/ci4app/vendor/codeigniter4/framework/system/Model.php(329): CodeIgniter\Database\BaseBuilder->insert()
#4 /var/www/html/ci4app/vendor/codeigniter4/framework/system/BaseModel.php(782): CodeIgniter\Model->doInsert()
#5 /var/www/html/ci4app/vendor/codeigniter4/framework/system/Model.php(728): CodeIgniter\BaseModel->insert()
#6 /var/www/html/ci4app/app/Controllers/Categorias.php(22): CodeIgniter\Model->insert()
#7 /var/www/html/ci4app/vendor/codeigniter4/framework/system/CodeIgniter.php(934): App\Controllers\Categorias->inserir()
#8 /var/www/html/ci4app/vendor/codeigniter4/framework/system/CodeIgniter.php(499): CodeIgniter\CodeIgniter->runController()
#9 /var/www/html/ci4app/vendor/codeigniter4/framework/system/CodeIgniter.php(368): CodeIgniter\CodeIgniter->handleRequest()
#10 /var/www/html/ci4app/public/index.php(67): CodeIgniter\CodeIgniter->run()
#11 {main}
CRITICAL - 2023-01-14 17:20:58 --> Unable to connect to the database.
Main connection [Postgre]: Call to undefined function CodeIgniter\Database\Postgre\pg_connect()
in SYSTEMPATH/Database/BaseConnection.php on line 427.
 1 SYSTEMPATH/Database/BaseConnection.php(573): CodeIgniter\Database\BaseConnection->initialize()
 2 SYSTEMPATH/Database/BaseBuilder.php(2294): CodeIgniter\Database\BaseConnection->query()
 3 SYSTEMPATH/Model.php(329): CodeIgniter\Database\BaseBuilder->insert()
 4 SYSTEMPATH/BaseModel.php(782): CodeIgniter\Model->doInsert()
 5 SYSTEMPATH/Model.php(728): CodeIgniter\BaseModel->insert()
 6 APPPATH/Controllers/Categorias.php(22): CodeIgniter\Model->insert()
 7 SYSTEMPATH/CodeIgniter.php(934): App\Controllers\Categorias->inserir()
 8 SYSTEMPATH/CodeIgniter.php(499): CodeIgniter\CodeIgniter->runController()
 9 SYSTEMPATH/CodeIgniter.php(368): CodeIgniter\CodeIgniter->handleRequest()
10 FCPATH/index.php(67): CodeIgniter\CodeIgniter->run()
ERROR - 2023-01-14 17:24:23 --> Error connecting to the database: Error: Call to undefined function CodeIgniter\Database\Postgre\pg_connect() in /var/www/html/ci4app/vendor/codeigniter4/framework/system/Database/Postgre/Connection.php:75
Stack trace:
#0 /var/www/html/ci4app/vendor/codeigniter4/framework/system/Database/BaseConnection.php(391): CodeIgniter\Database\Postgre\Connection->connect()
#1 /var/www/html/ci4app/vendor/codeigniter4/framework/system/Database/BaseConnection.php(573): CodeIgniter\Database\BaseConnection->initialize()
#2 /var/www/html/ci4app/vendor/codeigniter4/framework/system/Database/BaseBuilder.php(2294): CodeIgniter\Database\BaseConnection->query()
#3 /var/www/html/ci4app/vendor/codeigniter4/framework/system/Model.php(329): CodeIgniter\Database\BaseBuilder->insert()
#4 /var/www/html/ci4app/vendor/codeigniter4/framework/system/BaseModel.php(782): CodeIgniter\Model->doInsert()
#5 /var/www/html/ci4app/vendor/codeigniter4/framework/system/Model.php(728): CodeIgniter\BaseModel->insert()
#6 /var/www/html/ci4app/app/Controllers/Categorias.php(22): CodeIgniter\Model->insert()
#7 /var/www/html/ci4app/vendor/codeigniter4/framework/system/CodeIgniter.php(934): App\Controllers\Categorias->inserir()
#8 /var/www/html/ci4app/vendor/codeigniter4/framework/system/CodeIgniter.php(499): CodeIgniter\CodeIgniter->runController()
#9 /var/www/html/ci4app/vendor/codeigniter4/framework/system/CodeIgniter.php(368): CodeIgniter\CodeIgniter->handleRequest()
#10 /var/www/html/ci4app/public/index.php(67): CodeIgniter\CodeIgniter->run()
#11 {main}
CRITICAL - 2023-01-14 17:24:23 --> Unable to connect to the database.
Main connection [Postgre]: Call to undefined function CodeIgniter\Database\Postgre\pg_connect()
in SYSTEMPATH/Database/BaseConnection.php on line 427.
 1 SYSTEMPATH/Database/BaseConnection.php(573): CodeIgniter\Database\BaseConnection->initialize()
 2 SYSTEMPATH/Database/BaseBuilder.php(2294): CodeIgniter\Database\BaseConnection->query()
 3 SYSTEMPATH/Model.php(329): CodeIgniter\Database\BaseBuilder->insert()
 4 SYSTEMPATH/BaseModel.php(782): CodeIgniter\Model->doInsert()
 5 SYSTEMPATH/Model.php(728): CodeIgniter\BaseModel->insert()
 6 APPPATH/Controllers/Categorias.php(22): CodeIgniter\Model->insert()
 7 SYSTEMPATH/CodeIgniter.php(934): App\Controllers\Categorias->inserir()
 8 SYSTEMPATH/CodeIgniter.php(499): CodeIgniter\CodeIgniter->runController()
 9 SYSTEMPATH/CodeIgniter.php(368): CodeIgniter\CodeIgniter->handleRequest()
10 FCPATH/index.php(67): CodeIgniter\CodeIgniter->run()
ERROR - 2023-01-14 17:24:27 --> Error connecting to the database: Error: Call to undefined function CodeIgniter\Database\Postgre\pg_connect() in /var/www/html/ci4app/vendor/codeigniter4/framework/system/Database/Postgre/Connection.php:75
Stack trace:
#0 /var/www/html/ci4app/vendor/codeigniter4/framework/system/Database/BaseConnection.php(391): CodeIgniter\Database\Postgre\Connection->connect()
#1 /var/www/html/ci4app/vendor/codeigniter4/framework/system/Database/BaseConnection.php(573): CodeIgniter\Database\BaseConnection->initialize()
#2 /var/www/html/ci4app/vendor/codeigniter4/framework/system/Database/BaseBuilder.php(2294): CodeIgniter\Database\BaseConnection->query()
#3 /var/www/html/ci4app/vendor/codeigniter4/framework/system/Model.php(329): CodeIgniter\Database\BaseBuilder->insert()
#4 /var/www/html/ci4app/vendor/codeigniter4/framework/system/BaseModel.php(782): CodeIgniter\Model->doInsert()
#5 /var/www/html/ci4app/vendor/codeigniter4/framework/system/Model.php(728): CodeIgniter\BaseModel->insert()
#6 /var/www/html/ci4app/app/Controllers/Categorias.php(22): CodeIgniter\Model->insert()
#7 /var/www/html/ci4app/vendor/codeigniter4/framework/system/CodeIgniter.php(934): App\Controllers\Categorias->inserir()
#8 /var/www/html/ci4app/vendor/codeigniter4/framework/system/CodeIgniter.php(499): CodeIgniter\CodeIgniter->runController()
#9 /var/www/html/ci4app/vendor/codeigniter4/framework/system/CodeIgniter.php(368): CodeIgniter\CodeIgniter->handleRequest()
#10 /var/www/html/ci4app/public/index.php(67): CodeIgniter\CodeIgniter->run()
#11 {main}
CRITICAL - 2023-01-14 17:24:27 --> Unable to connect to the database.
Main connection [Postgre]: Call to undefined function CodeIgniter\Database\Postgre\pg_connect()
in SYSTEMPATH/Database/BaseConnection.php on line 427.
 1 SYSTEMPATH/Database/BaseConnection.php(573): CodeIgniter\Database\BaseConnection->initialize()
 2 SYSTEMPATH/Database/BaseBuilder.php(2294): CodeIgniter\Database\BaseConnection->query()
 3 SYSTEMPATH/Model.php(329): CodeIgniter\Database\BaseBuilder->insert()
 4 SYSTEMPATH/BaseModel.php(782): CodeIgniter\Model->doInsert()
 5 SYSTEMPATH/Model.php(728): CodeIgniter\BaseModel->insert()
 6 APPPATH/Controllers/Categorias.php(22): CodeIgniter\Model->insert()
 7 SYSTEMPATH/CodeIgniter.php(934): App\Controllers\Categorias->inserir()
 8 SYSTEMPATH/CodeIgniter.php(499): CodeIgniter\CodeIgniter->runController()
 9 SYSTEMPATH/CodeIgniter.php(368): CodeIgniter\CodeIgniter->handleRequest()
10 FCPATH/index.php(67): CodeIgniter\CodeIgniter->run()
ERROR - 2023-01-14 17:53:08 --> Error connecting to the database: Error: Call to undefined function CodeIgniter\Database\Postgre\pg_connect() in /var/www/html/ci4app/vendor/codeigniter4/framework/system/Database/Postgre/Connection.php:75
Stack trace:
#0 /var/www/html/ci4app/vendor/codeigniter4/framework/system/Database/BaseConnection.php(391): CodeIgniter\Database\Postgre\Connection->connect()
#1 /var/www/html/ci4app/vendor/codeigniter4/framework/system/Database/BaseConnection.php(573): CodeIgniter\Database\BaseConnection->initialize()
#2 /var/www/html/ci4app/vendor/codeigniter4/framework/system/Database/BaseBuilder.php(2294): CodeIgniter\Database\BaseConnection->query()
#3 /var/www/html/ci4app/vendor/codeigniter4/framework/system/Model.php(329): CodeIgniter\Database\BaseBuilder->insert()
#4 /var/www/html/ci4app/vendor/codeigniter4/framework/system/BaseModel.php(782): CodeIgniter\Model->doInsert()
#5 /var/www/html/ci4app/vendor/codeigniter4/framework/system/Model.php(728): CodeIgniter\BaseModel->insert()
#6 /var/www/html/ci4app/app/Controllers/Categorias.php(22): CodeIgniter\Model->insert()
#7 /var/www/html/ci4app/vendor/codeigniter4/framework/system/CodeIgniter.php(934): App\Controllers\Categorias->inserir()
#8 /var/www/html/ci4app/vendor/codeigniter4/framework/system/CodeIgniter.php(499): CodeIgniter\CodeIgniter->runController()
#9 /var/www/html/ci4app/vendor/codeigniter4/framework/system/CodeIgniter.php(368): CodeIgniter\CodeIgniter->handleRequest()
#10 /var/www/html/ci4app/public/index.php(67): CodeIgniter\CodeIgniter->run()
#11 {main}
CRITICAL - 2023-01-14 17:53:08 --> Unable to connect to the database.
Main connection [Postgre]: Call to undefined function CodeIgniter\Database\Postgre\pg_connect()
in SYSTEMPATH/Database/BaseConnection.php on line 427.
 1 SYSTEMPATH/Database/BaseConnection.php(573): CodeIgniter\Database\BaseConnection->initialize()
 2 SYSTEMPATH/Database/BaseBuilder.php(2294): CodeIgniter\Database\BaseConnection->query()
 3 SYSTEMPATH/Model.php(329): CodeIgniter\Database\BaseBuilder->insert()
 4 SYSTEMPATH/BaseModel.php(782): CodeIgniter\Model->doInsert()
 5 SYSTEMPATH/Model.php(728): CodeIgniter\BaseModel->insert()
 6 APPPATH/Controllers/Categorias.php(22): CodeIgniter\Model->insert()
 7 SYSTEMPATH/CodeIgniter.php(934): App\Controllers\Categorias->inserir()
 8 SYSTEMPATH/CodeIgniter.php(499): CodeIgniter\CodeIgniter->runController()
 9 SYSTEMPATH/CodeIgniter.php(368): CodeIgniter\CodeIgniter->handleRequest()
10 FCPATH/index.php(67): CodeIgniter\CodeIgniter->run()
ERROR - 2023-01-14 17:54:25 --> Error connecting to the database: Error: Call to undefined function CodeIgniter\Database\Postgre\pg_connect() in /var/www/html/ci4app/vendor/codeigniter4/framework/system/Database/Postgre/Connection.php:75
Stack trace:
#0 /var/www/html/ci4app/vendor/codeigniter4/framework/system/Database/BaseConnection.php(391): CodeIgniter\Database\Postgre\Connection->connect()
#1 /var/www/html/ci4app/vendor/codeigniter4/framework/system/Database/BaseConnection.php(573): CodeIgniter\Database\BaseConnection->initialize()
#2 /var/www/html/ci4app/vendor/codeigniter4/framework/system/Database/BaseBuilder.php(2294): CodeIgniter\Database\BaseConnection->query()
#3 /var/www/html/ci4app/vendor/codeigniter4/framework/system/Model.php(329): CodeIgniter\Database\BaseBuilder->insert()
#4 /var/www/html/ci4app/vendor/codeigniter4/framework/system/BaseModel.php(782): CodeIgniter\Model->doInsert()
#5 /var/www/html/ci4app/vendor/codeigniter4/framework/system/Model.php(728): CodeIgniter\BaseModel->insert()
#6 /var/www/html/ci4app/app/Controllers/Categorias.php(22): CodeIgniter\Model->insert()
#7 /var/www/html/ci4app/vendor/codeigniter4/framework/system/CodeIgniter.php(934): App\Controllers\Categorias->inserir()
#8 /var/www/html/ci4app/vendor/codeigniter4/framework/system/CodeIgniter.php(499): CodeIgniter\CodeIgniter->runController()
#9 /var/www/html/ci4app/vendor/codeigniter4/framework/system/CodeIgniter.php(368): CodeIgniter\CodeIgniter->handleRequest()
#10 /var/www/html/ci4app/public/index.php(67): CodeIgniter\CodeIgniter->run()
#11 {main}
CRITICAL - 2023-01-14 17:54:25 --> Unable to connect to the database.
Main connection [Postgre]: Call to undefined function CodeIgniter\Database\Postgre\pg_connect()
in SYSTEMPATH/Database/BaseConnection.php on line 427.
 1 SYSTEMPATH/Database/BaseConnection.php(573): CodeIgniter\Database\BaseConnection->initialize()
 2 SYSTEMPATH/Database/BaseBuilder.php(2294): CodeIgniter\Database\BaseConnection->query()
 3 SYSTEMPATH/Model.php(329): CodeIgniter\Database\BaseBuilder->insert()
 4 SYSTEMPATH/BaseModel.php(782): CodeIgniter\Model->doInsert()
 5 SYSTEMPATH/Model.php(728): CodeIgniter\BaseModel->insert()
 6 APPPATH/Controllers/Categorias.php(22): CodeIgniter\Model->insert()
 7 SYSTEMPATH/CodeIgniter.php(934): App\Controllers\Categorias->inserir()
 8 SYSTEMPATH/CodeIgniter.php(499): CodeIgniter\CodeIgniter->runController()
 9 SYSTEMPATH/CodeIgniter.php(368): CodeIgniter\CodeIgniter->handleRequest()
10 FCPATH/index.php(67): CodeIgniter\CodeIgniter->run()
ERROR - 2023-01-14 17:54:32 --> Error connecting to the database: Error: Call to undefined function CodeIgniter\Database\Postgre\pg_connect() in /var/www/html/ci4app/vendor/codeigniter4/framework/system/Database/Postgre/Connection.php:75
Stack trace:
#0 /var/www/html/ci4app/vendor/codeigniter4/framework/system/Database/BaseConnection.php(391): CodeIgniter\Database\Postgre\Connection->connect()
#1 /var/www/html/ci4app/vendor/codeigniter4/framework/system/Database/BaseConnection.php(573): CodeIgniter\Database\BaseConnection->initialize()
#2 /var/www/html/ci4app/vendor/codeigniter4/framework/system/Database/BaseBuilder.php(2294): CodeIgniter\Database\BaseConnection->query()
#3 /var/www/html/ci4app/vendor/codeigniter4/framework/system/Model.php(329): CodeIgniter\Database\BaseBuilder->insert()
#4 /var/www/html/ci4app/vendor/codeigniter4/framework/system/BaseModel.php(782): CodeIgniter\Model->doInsert()
#5 /var/www/html/ci4app/vendor/codeigniter4/framework/system/Model.php(728): CodeIgniter\BaseModel->insert()
#6 /var/www/html/ci4app/app/Controllers/Categorias.php(22): CodeIgniter\Model->insert()
#7 /var/www/html/ci4app/vendor/codeigniter4/framework/system/CodeIgniter.php(934): App\Controllers\Categorias->inserir()
#8 /var/www/html/ci4app/vendor/codeigniter4/framework/system/CodeIgniter.php(499): CodeIgniter\CodeIgniter->runController()
#9 /var/www/html/ci4app/vendor/codeigniter4/framework/system/CodeIgniter.php(368): CodeIgniter\CodeIgniter->handleRequest()
#10 /var/www/html/ci4app/public/index.php(67): CodeIgniter\CodeIgniter->run()
#11 {main}
CRITICAL - 2023-01-14 17:54:32 --> Unable to connect to the database.
Main connection [Postgre]: Call to undefined function CodeIgniter\Database\Postgre\pg_connect()
in SYSTEMPATH/Database/BaseConnection.php on line 427.
 1 SYSTEMPATH/Database/BaseConnection.php(573): CodeIgniter\Database\BaseConnection->initialize()
 2 SYSTEMPATH/Database/BaseBuilder.php(2294): CodeIgniter\Database\BaseConnection->query()
 3 SYSTEMPATH/Model.php(329): CodeIgniter\Database\BaseBuilder->insert()
 4 SYSTEMPATH/BaseModel.php(782): CodeIgniter\Model->doInsert()
 5 SYSTEMPATH/Model.php(728): CodeIgniter\BaseModel->insert()
 6 APPPATH/Controllers/Categorias.php(22): CodeIgniter\Model->insert()
 7 SYSTEMPATH/CodeIgniter.php(934): App\Controllers\Categorias->inserir()
 8 SYSTEMPATH/CodeIgniter.php(499): CodeIgniter\CodeIgniter->runController()
 9 SYSTEMPATH/CodeIgniter.php(368): CodeIgniter\CodeIgniter->handleRequest()
10 FCPATH/index.php(67): CodeIgniter\CodeIgniter->run()
CRITICAL - 2023-01-14 17:54:49 --> Class "CodeIgniter\Database\Postgres\Connection" not found
in SYSTEMPATH/Database/Database.php on line 138.
 1 SYSTEMPATH/Database/Database.php(56): CodeIgniter\Database\Database->initDriver()
 2 SYSTEMPATH/Database/Config.php(82): CodeIgniter\Database\Database->load()
 3 SYSTEMPATH/Model.php(154): CodeIgniter\Database\Config::connect()
 4 APPPATH/Controllers/Categorias.php(18): CodeIgniter\Model->__construct()
 5 SYSTEMPATH/CodeIgniter.php(934): App\Controllers\Categorias->inserir()
 6 SYSTEMPATH/CodeIgniter.php(499): CodeIgniter\CodeIgniter->runController()
 7 SYSTEMPATH/CodeIgniter.php(368): CodeIgniter\CodeIgniter->handleRequest()
 8 FCPATH/index.php(67): CodeIgniter\CodeIgniter->run()
ERROR - 2023-01-14 17:55:15 --> Error connecting to the database: Error: Call to undefined function CodeIgniter\Database\Postgre\pg_connect() in /var/www/html/ci4app/vendor/codeigniter4/framework/system/Database/Postgre/Connection.php:75
Stack trace:
#0 /var/www/html/ci4app/vendor/codeigniter4/framework/system/Database/BaseConnection.php(391): CodeIgniter\Database\Postgre\Connection->connect()
#1 /var/www/html/ci4app/vendor/codeigniter4/framework/system/Database/BaseConnection.php(573): CodeIgniter\Database\BaseConnection->initialize()
#2 /var/www/html/ci4app/vendor/codeigniter4/framework/system/Database/BaseBuilder.php(2294): CodeIgniter\Database\BaseConnection->query()
#3 /var/www/html/ci4app/vendor/codeigniter4/framework/system/Model.php(329): CodeIgniter\Database\BaseBuilder->insert()
#4 /var/www/html/ci4app/vendor/codeigniter4/framework/system/BaseModel.php(782): CodeIgniter\Model->doInsert()
#5 /var/www/html/ci4app/vendor/codeigniter4/framework/system/Model.php(728): CodeIgniter\BaseModel->insert()
#6 /var/www/html/ci4app/app/Controllers/Categorias.php(22): CodeIgniter\Model->insert()
#7 /var/www/html/ci4app/vendor/codeigniter4/framework/system/CodeIgniter.php(934): App\Controllers\Categorias->inserir()
#8 /var/www/html/ci4app/vendor/codeigniter4/framework/system/CodeIgniter.php(499): CodeIgniter\CodeIgniter->runController()
#9 /var/www/html/ci4app/vendor/codeigniter4/framework/system/CodeIgniter.php(368): CodeIgniter\CodeIgniter->handleRequest()
#10 /var/www/html/ci4app/public/index.php(67): CodeIgniter\CodeIgniter->run()
#11 {main}
CRITICAL - 2023-01-14 17:55:15 --> Unable to connect to the database.
Main connection [Postgre]: Call to undefined function CodeIgniter\Database\Postgre\pg_connect()
in SYSTEMPATH/Database/BaseConnection.php on line 427.
 1 SYSTEMPATH/Database/BaseConnection.php(573): CodeIgniter\Database\BaseConnection->initialize()
 2 SYSTEMPATH/Database/BaseBuilder.php(2294): CodeIgniter\Database\BaseConnection->query()
 3 SYSTEMPATH/Model.php(329): CodeIgniter\Database\BaseBuilder->insert()
 4 SYSTEMPATH/BaseModel.php(782): CodeIgniter\Model->doInsert()
 5 SYSTEMPATH/Model.php(728): CodeIgniter\BaseModel->insert()
 6 APPPATH/Controllers/Categorias.php(22): CodeIgniter\Model->insert()
 7 SYSTEMPATH/CodeIgniter.php(934): App\Controllers\Categorias->inserir()
 8 SYSTEMPATH/CodeIgniter.php(499): CodeIgniter\CodeIgniter->runController()
 9 SYSTEMPATH/CodeIgniter.php(368): CodeIgniter\CodeIgniter->handleRequest()
10 FCPATH/index.php(67): CodeIgniter\CodeIgniter->run()
ERROR - 2023-01-14 17:58:39 --> Error connecting to the database: Error: Call to undefined function CodeIgniter\Database\Postgre\pg_connect() in /var/www/html/ci4app/vendor/codeigniter4/framework/system/Database/Postgre/Connection.php:75
Stack trace:
#0 /var/www/html/ci4app/vendor/codeigniter4/framework/system/Database/BaseConnection.php(391): CodeIgniter\Database\Postgre\Connection->connect()
#1 /var/www/html/ci4app/vendor/codeigniter4/framework/system/Database/BaseConnection.php(573): CodeIgniter\Database\BaseConnection->initialize()
#2 /var/www/html/ci4app/vendor/codeigniter4/framework/system/Database/BaseBuilder.php(2294): CodeIgniter\Database\BaseConnection->query()
#3 /var/www/html/ci4app/vendor/codeigniter4/framework/system/Model.php(329): CodeIgniter\Database\BaseBuilder->insert()
#4 /var/www/html/ci4app/vendor/codeigniter4/framework/system/BaseModel.php(782): CodeIgniter\Model->doInsert()
#5 /var/www/html/ci4app/vendor/codeigniter4/framework/system/Model.php(728): CodeIgniter\BaseModel->insert()
#6 /var/www/html/ci4app/app/Controllers/Categorias.php(22): CodeIgniter\Model->insert()
#7 /var/www/html/ci4app/vendor/codeigniter4/framework/system/CodeIgniter.php(934): App\Controllers\Categorias->inserir()
#8 /var/www/html/ci4app/vendor/codeigniter4/framework/system/CodeIgniter.php(499): CodeIgniter\CodeIgniter->runController()
#9 /var/www/html/ci4app/vendor/codeigniter4/framework/system/CodeIgniter.php(368): CodeIgniter\CodeIgniter->handleRequest()
#10 /var/www/html/ci4app/public/index.php(67): CodeIgniter\CodeIgniter->run()
#11 {main}
CRITICAL - 2023-01-14 17:58:39 --> Unable to connect to the database.
Main connection [Postgre]: Call to undefined function CodeIgniter\Database\Postgre\pg_connect()
in SYSTEMPATH/Database/BaseConnection.php on line 427.
 1 SYSTEMPATH/Database/BaseConnection.php(573): CodeIgniter\Database\BaseConnection->initialize()
 2 SYSTEMPATH/Database/BaseBuilder.php(2294): CodeIgniter\Database\BaseConnection->query()
 3 SYSTEMPATH/Model.php(329): CodeIgniter\Database\BaseBuilder->insert()
 4 SYSTEMPATH/BaseModel.php(782): CodeIgniter\Model->doInsert()
 5 SYSTEMPATH/Model.php(728): CodeIgniter\BaseModel->insert()
 6 APPPATH/Controllers/Categorias.php(22): CodeIgniter\Model->insert()
 7 SYSTEMPATH/CodeIgniter.php(934): App\Controllers\Categorias->inserir()
 8 SYSTEMPATH/CodeIgniter.php(499): CodeIgniter\CodeIgniter->runController()
 9 SYSTEMPATH/CodeIgniter.php(368): CodeIgniter\CodeIgniter->handleRequest()
10 FCPATH/index.php(67): CodeIgniter\CodeIgniter->run()
ERROR - 2023-01-14 17:58:42 --> Error connecting to the database: Error: Call to undefined function CodeIgniter\Database\Postgre\pg_connect() in /var/www/html/ci4app/vendor/codeigniter4/framework/system/Database/Postgre/Connection.php:75
Stack trace:
#0 /var/www/html/ci4app/vendor/codeigniter4/framework/system/Database/BaseConnection.php(391): CodeIgniter\Database\Postgre\Connection->connect()
#1 /var/www/html/ci4app/vendor/codeigniter4/framework/system/Database/BaseConnection.php(573): CodeIgniter\Database\BaseConnection->initialize()
#2 /var/www/html/ci4app/vendor/codeigniter4/framework/system/Database/BaseBuilder.php(2294): CodeIgniter\Database\BaseConnection->query()
#3 /var/www/html/ci4app/vendor/codeigniter4/framework/system/Model.php(329): CodeIgniter\Database\BaseBuilder->insert()
#4 /var/www/html/ci4app/vendor/codeigniter4/framework/system/BaseModel.php(782): CodeIgniter\Model->doInsert()
#5 /var/www/html/ci4app/vendor/codeigniter4/framework/system/Model.php(728): CodeIgniter\BaseModel->insert()
#6 /var/www/html/ci4app/app/Controllers/Categorias.php(22): CodeIgniter\Model->insert()
#7 /var/www/html/ci4app/vendor/codeigniter4/framework/system/CodeIgniter.php(934): App\Controllers\Categorias->inserir()
#8 /var/www/html/ci4app/vendor/codeigniter4/framework/system/CodeIgniter.php(499): CodeIgniter\CodeIgniter->runController()
#9 /var/www/html/ci4app/vendor/codeigniter4/framework/system/CodeIgniter.php(368): CodeIgniter\CodeIgniter->handleRequest()
#10 /var/www/html/ci4app/public/index.php(67): CodeIgniter\CodeIgniter->run()
#11 {main}
CRITICAL - 2023-01-14 17:58:42 --> Unable to connect to the database.
Main connection [Postgre]: Call to undefined function CodeIgniter\Database\Postgre\pg_connect()
in SYSTEMPATH/Database/BaseConnection.php on line 427.
 1 SYSTEMPATH/Database/BaseConnection.php(573): CodeIgniter\Database\BaseConnection->initialize()
 2 SYSTEMPATH/Database/BaseBuilder.php(2294): CodeIgniter\Database\BaseConnection->query()
 3 SYSTEMPATH/Model.php(329): CodeIgniter\Database\BaseBuilder->insert()
 4 SYSTEMPATH/BaseModel.php(782): CodeIgniter\Model->doInsert()
 5 SYSTEMPATH/Model.php(728): CodeIgniter\BaseModel->insert()
 6 APPPATH/Controllers/Categorias.php(22): CodeIgniter\Model->insert()
 7 SYSTEMPATH/CodeIgniter.php(934): App\Controllers\Categorias->inserir()
 8 SYSTEMPATH/CodeIgniter.php(499): CodeIgniter\CodeIgniter->runController()
 9 SYSTEMPATH/CodeIgniter.php(368): CodeIgniter\CodeIgniter->handleRequest()
10 FCPATH/index.php(67): CodeIgniter\CodeIgniter->run()
ERROR - 2023-01-14 17:58:49 --> Error connecting to the database: Error: Call to undefined function CodeIgniter\Database\Postgre\pg_connect() in /var/www/html/ci4app/vendor/codeigniter4/framework/system/Database/Postgre/Connection.php:75
Stack trace:
#0 /var/www/html/ci4app/vendor/codeigniter4/framework/system/Database/BaseConnection.php(391): CodeIgniter\Database\Postgre\Connection->connect()
#1 /var/www/html/ci4app/vendor/codeigniter4/framework/system/Database/BaseConnection.php(573): CodeIgniter\Database\BaseConnection->initialize()
#2 /var/www/html/ci4app/vendor/codeigniter4/framework/system/Database/BaseBuilder.php(2294): CodeIgniter\Database\BaseConnection->query()
#3 /var/www/html/ci4app/vendor/codeigniter4/framework/system/Model.php(329): CodeIgniter\Database\BaseBuilder->insert()
#4 /var/www/html/ci4app/vendor/codeigniter4/framework/system/BaseModel.php(782): CodeIgniter\Model->doInsert()
#5 /var/www/html/ci4app/vendor/codeigniter4/framework/system/Model.php(728): CodeIgniter\BaseModel->insert()
#6 /var/www/html/ci4app/app/Controllers/Categorias.php(22): CodeIgniter\Model->insert()
#7 /var/www/html/ci4app/vendor/codeigniter4/framework/system/CodeIgniter.php(934): App\Controllers\Categorias->inserir()
#8 /var/www/html/ci4app/vendor/codeigniter4/framework/system/CodeIgniter.php(499): CodeIgniter\CodeIgniter->runController()
#9 /var/www/html/ci4app/vendor/codeigniter4/framework/system/CodeIgniter.php(368): CodeIgniter\CodeIgniter->handleRequest()
#10 /var/www/html/ci4app/public/index.php(67): CodeIgniter\CodeIgniter->run()
#11 {main}
CRITICAL - 2023-01-14 17:58:49 --> Unable to connect to the database.
Main connection [Postgre]: Call to undefined function CodeIgniter\Database\Postgre\pg_connect()
in SYSTEMPATH/Database/BaseConnection.php on line 427.
 1 SYSTEMPATH/Database/BaseConnection.php(573): CodeIgniter\Database\BaseConnection->initialize()
 2 SYSTEMPATH/Database/BaseBuilder.php(2294): CodeIgniter\Database\BaseConnection->query()
 3 SYSTEMPATH/Model.php(329): CodeIgniter\Database\BaseBuilder->insert()
 4 SYSTEMPATH/BaseModel.php(782): CodeIgniter\Model->doInsert()
 5 SYSTEMPATH/Model.php(728): CodeIgniter\BaseModel->insert()
 6 APPPATH/Controllers/Categorias.php(22): CodeIgniter\Model->insert()
 7 SYSTEMPATH/CodeIgniter.php(934): App\Controllers\Categorias->inserir()
 8 SYSTEMPATH/CodeIgniter.php(499): CodeIgniter\CodeIgniter->runController()
 9 SYSTEMPATH/CodeIgniter.php(368): CodeIgniter\CodeIgniter->handleRequest()
10 FCPATH/index.php(67): CodeIgniter\CodeIgniter->run()
ERROR - 2023-01-14 18:00:33 --> Error connecting to the database: mysqli_sql_exception: Access denied for user ''@'localhost' in /var/www/html/ci4app/vendor/codeigniter4/framework/system/Database/MySQLi/Connection.php:174
Stack trace:
#0 /var/www/html/ci4app/vendor/codeigniter4/framework/system/Database/MySQLi/Connection.php(174): mysqli->real_connect()
#1 /var/www/html/ci4app/vendor/codeigniter4/framework/system/Database/BaseConnection.php(391): CodeIgniter\Database\MySQLi\Connection->connect()
#2 /var/www/html/ci4app/vendor/codeigniter4/framework/system/Database/BaseConnection.php(573): CodeIgniter\Database\BaseConnection->initialize()
#3 /var/www/html/ci4app/vendor/codeigniter4/framework/system/Database/BaseBuilder.php(2294): CodeIgniter\Database\BaseConnection->query()
#4 /var/www/html/ci4app/vendor/codeigniter4/framework/system/Model.php(329): CodeIgniter\Database\BaseBuilder->insert()
#5 /var/www/html/ci4app/vendor/codeigniter4/framework/system/BaseModel.php(782): CodeIgniter\Model->doInsert()
#6 /var/www/html/ci4app/vendor/codeigniter4/framework/system/Model.php(728): CodeIgniter\BaseModel->insert()
#7 /var/www/html/ci4app/app/Controllers/Categorias.php(22): CodeIgniter\Model->insert()
#8 /var/www/html/ci4app/vendor/codeigniter4/framework/system/CodeIgniter.php(934): App\Controllers\Categorias->inserir()
#9 /var/www/html/ci4app/vendor/codeigniter4/framework/system/CodeIgniter.php(499): CodeIgniter\CodeIgniter->runController()
#10 /var/www/html/ci4app/vendor/codeigniter4/framework/system/CodeIgniter.php(368): CodeIgniter\CodeIgniter->handleRequest()
#11 /var/www/html/ci4app/public/index.php(67): CodeIgniter\CodeIgniter->run()
#12 {main}

Next CodeIgniter\Database\Exceptions\DatabaseException: Access denied for user ''@'localhost' in /var/www/html/ci4app/vendor/codeigniter4/framework/system/Database/MySQLi/Connection.php:218
Stack trace:
#0 /var/www/html/ci4app/vendor/codeigniter4/framework/system/Database/BaseConnection.php(391): CodeIgniter\Database\MySQLi\Connection->connect()
#1 /var/www/html/ci4app/vendor/codeigniter4/framework/system/Database/BaseConnection.php(573): CodeIgniter\Database\BaseConnection->initialize()
#2 /var/www/html/ci4app/vendor/codeigniter4/framework/system/Database/BaseBuilder.php(2294): CodeIgniter\Database\BaseConnection->query()
#3 /var/www/html/ci4app/vendor/codeigniter4/framework/system/Model.php(329): CodeIgniter\Database\BaseBuilder->insert()
#4 /var/www/html/ci4app/vendor/codeigniter4/framework/system/BaseModel.php(782): CodeIgniter\Model->doInsert()
#5 /var/www/html/ci4app/vendor/codeigniter4/framework/system/Model.php(728): CodeIgniter\BaseModel->insert()
#6 /var/www/html/ci4app/app/Controllers/Categorias.php(22): CodeIgniter\Model->insert()
#7 /var/www/html/ci4app/vendor/codeigniter4/framework/system/CodeIgniter.php(934): App\Controllers\Categorias->inserir()
#8 /var/www/html/ci4app/vendor/codeigniter4/framework/system/CodeIgniter.php(499): CodeIgniter\CodeIgniter->runController()
#9 /var/www/html/ci4app/vendor/codeigniter4/framework/system/CodeIgniter.php(368): CodeIgniter\CodeIgniter->handleRequest()
#10 /var/www/html/ci4app/public/index.php(67): CodeIgniter\CodeIgniter->run()
#11 {main}
CRITICAL - 2023-01-14 18:00:33 --> Unable to connect to the database.
Main connection [MySQLi]: Access denied for user ''@'localhost'
in SYSTEMPATH/Database/BaseConnection.php on line 427.
 1 SYSTEMPATH/Database/BaseConnection.php(573): CodeIgniter\Database\BaseConnection->initialize()
 2 SYSTEMPATH/Database/BaseBuilder.php(2294): CodeIgniter\Database\BaseConnection->query()
 3 SYSTEMPATH/Model.php(329): CodeIgniter\Database\BaseBuilder->insert()
 4 SYSTEMPATH/BaseModel.php(782): CodeIgniter\Model->doInsert()
 5 SYSTEMPATH/Model.php(728): CodeIgniter\BaseModel->insert()
 6 APPPATH/Controllers/Categorias.php(22): CodeIgniter\Model->insert()
 7 SYSTEMPATH/CodeIgniter.php(934): App\Controllers\Categorias->inserir()
 8 SYSTEMPATH/CodeIgniter.php(499): CodeIgniter\CodeIgniter->runController()
 9 SYSTEMPATH/CodeIgniter.php(368): CodeIgniter\CodeIgniter->handleRequest()
10 FCPATH/index.php(67): CodeIgniter\CodeIgniter->run()
ERROR - 2023-01-14 18:00:58 --> Error connecting to the database: Error: Call to undefined function CodeIgniter\Database\Postgre\pg_connect() in /var/www/html/ci4app/vendor/codeigniter4/framework/system/Database/Postgre/Connection.php:75
Stack trace:
#0 /var/www/html/ci4app/vendor/codeigniter4/framework/system/Database/BaseConnection.php(391): CodeIgniter\Database\Postgre\Connection->connect()
#1 /var/www/html/ci4app/vendor/codeigniter4/framework/system/Database/BaseConnection.php(573): CodeIgniter\Database\BaseConnection->initialize()
#2 /var/www/html/ci4app/vendor/codeigniter4/framework/system/Database/BaseBuilder.php(2294): CodeIgniter\Database\BaseConnection->query()
#3 /var/www/html/ci4app/vendor/codeigniter4/framework/system/Model.php(329): CodeIgniter\Database\BaseBuilder->insert()
#4 /var/www/html/ci4app/vendor/codeigniter4/framework/system/BaseModel.php(782): CodeIgniter\Model->doInsert()
#5 /var/www/html/ci4app/vendor/codeigniter4/framework/system/Model.php(728): CodeIgniter\BaseModel->insert()
#6 /var/www/html/ci4app/app/Controllers/Categorias.php(22): CodeIgniter\Model->insert()
#7 /var/www/html/ci4app/vendor/codeigniter4/framework/system/CodeIgniter.php(934): App\Controllers\Categorias->inserir()
#8 /var/www/html/ci4app/vendor/codeigniter4/framework/system/CodeIgniter.php(499): CodeIgniter\CodeIgniter->runController()
#9 /var/www/html/ci4app/vendor/codeigniter4/framework/system/CodeIgniter.php(368): CodeIgniter\CodeIgniter->handleRequest()
#10 /var/www/html/ci4app/public/index.php(67): CodeIgniter\CodeIgniter->run()
#11 {main}
CRITICAL - 2023-01-14 18:00:58 --> Unable to connect to the database.
Main connection [Postgre]: Call to undefined function CodeIgniter\Database\Postgre\pg_connect()
in SYSTEMPATH/Database/BaseConnection.php on line 427.
 1 SYSTEMPATH/Database/BaseConnection.php(573): CodeIgniter\Database\BaseConnection->initialize()
 2 SYSTEMPATH/Database/BaseBuilder.php(2294): CodeIgniter\Database\BaseConnection->query()
 3 SYSTEMPATH/Model.php(329): CodeIgniter\Database\BaseBuilder->insert()
 4 SYSTEMPATH/BaseModel.php(782): CodeIgniter\Model->doInsert()
 5 SYSTEMPATH/Model.php(728): CodeIgniter\BaseModel->insert()
 6 APPPATH/Controllers/Categorias.php(22): CodeIgniter\Model->insert()
 7 SYSTEMPATH/CodeIgniter.php(934): App\Controllers\Categorias->inserir()
 8 SYSTEMPATH/CodeIgniter.php(499): CodeIgniter\CodeIgniter->runController()
 9 SYSTEMPATH/CodeIgniter.php(368): CodeIgniter\CodeIgniter->handleRequest()
10 FCPATH/index.php(67): CodeIgniter\CodeIgniter->run()
ERROR - 2023-01-14 18:01:38 --> Error connecting to the database: Error: Call to undefined function CodeIgniter\Database\Postgre\pg_connect() in /var/www/html/ci4app/vendor/codeigniter4/framework/system/Database/Postgre/Connection.php:75
Stack trace:
#0 /var/www/html/ci4app/vendor/codeigniter4/framework/system/Database/BaseConnection.php(391): CodeIgniter\Database\Postgre\Connection->connect()
#1 /var/www/html/ci4app/vendor/codeigniter4/framework/system/Database/BaseConnection.php(573): CodeIgniter\Database\BaseConnection->initialize()
#2 /var/www/html/ci4app/vendor/codeigniter4/framework/system/Database/BaseBuilder.php(2294): CodeIgniter\Database\BaseConnection->query()
#3 /var/www/html/ci4app/vendor/codeigniter4/framework/system/Model.php(329): CodeIgniter\Database\BaseBuilder->insert()
#4 /var/www/html/ci4app/vendor/codeigniter4/framework/system/BaseModel.php(782): CodeIgniter\Model->doInsert()
#5 /var/www/html/ci4app/vendor/codeigniter4/framework/system/Model.php(728): CodeIgniter\BaseModel->insert()
#6 /var/www/html/ci4app/app/Controllers/Categorias.php(22): CodeIgniter\Model->insert()
#7 /var/www/html/ci4app/vendor/codeigniter4/framework/system/CodeIgniter.php(934): App\Controllers\Categorias->inserir()
#8 /var/www/html/ci4app/vendor/codeigniter4/framework/system/CodeIgniter.php(499): CodeIgniter\CodeIgniter->runController()
#9 /var/www/html/ci4app/vendor/codeigniter4/framework/system/CodeIgniter.php(368): CodeIgniter\CodeIgniter->handleRequest()
#10 /var/www/html/ci4app/public/index.php(67): CodeIgniter\CodeIgniter->run()
#11 {main}
CRITICAL - 2023-01-14 18:01:38 --> Unable to connect to the database.
Main connection [Postgre]: Call to undefined function CodeIgniter\Database\Postgre\pg_connect()
in SYSTEMPATH/Database/BaseConnection.php on line 427.
 1 SYSTEMPATH/Database/BaseConnection.php(573): CodeIgniter\Database\BaseConnection->initialize()
 2 SYSTEMPATH/Database/BaseBuilder.php(2294): CodeIgniter\Database\BaseConnection->query()
 3 SYSTEMPATH/Model.php(329): CodeIgniter\Database\BaseBuilder->insert()
 4 SYSTEMPATH/BaseModel.php(782): CodeIgniter\Model->doInsert()
 5 SYSTEMPATH/Model.php(728): CodeIgniter\BaseModel->insert()
 6 APPPATH/Controllers/Categorias.php(22): CodeIgniter\Model->insert()
 7 SYSTEMPATH/CodeIgniter.php(934): App\Controllers\Categorias->inserir()
 8 SYSTEMPATH/CodeIgniter.php(499): CodeIgniter\CodeIgniter->runController()
 9 SYSTEMPATH/CodeIgniter.php(368): CodeIgniter\CodeIgniter->handleRequest()
10 FCPATH/index.php(67): CodeIgniter\CodeIgniter->run()
ERROR - 2023-01-14 18:03:26 --> Error connecting to the database: Error: Call to undefined function CodeIgniter\Database\Postgre\pg_connect() in /var/www/html/ci4app/vendor/codeigniter4/framework/system/Database/Postgre/Connection.php:75
Stack trace:
#0 /var/www/html/ci4app/vendor/codeigniter4/framework/system/Database/BaseConnection.php(391): CodeIgniter\Database\Postgre\Connection->connect()
#1 /var/www/html/ci4app/vendor/codeigniter4/framework/system/Database/BaseConnection.php(573): CodeIgniter\Database\BaseConnection->initialize()
#2 /var/www/html/ci4app/vendor/codeigniter4/framework/system/Database/BaseBuilder.php(2294): CodeIgniter\Database\BaseConnection->query()
#3 /var/www/html/ci4app/vendor/codeigniter4/framework/system/Model.php(329): CodeIgniter\Database\BaseBuilder->insert()
#4 /var/www/html/ci4app/vendor/codeigniter4/framework/system/BaseModel.php(782): CodeIgniter\Model->doInsert()
#5 /var/www/html/ci4app/vendor/codeigniter4/framework/system/Model.php(728): CodeIgniter\BaseModel->insert()
#6 /var/www/html/ci4app/app/Controllers/Categorias.php(22): CodeIgniter\Model->insert()
#7 /var/www/html/ci4app/vendor/codeigniter4/framework/system/CodeIgniter.php(934): App\Controllers\Categorias->inserir()
#8 /var/www/html/ci4app/vendor/codeigniter4/framework/system/CodeIgniter.php(499): CodeIgniter\CodeIgniter->runController()
#9 /var/www/html/ci4app/vendor/codeigniter4/framework/system/CodeIgniter.php(368): CodeIgniter\CodeIgniter->handleRequest()
#10 /var/www/html/ci4app/public/index.php(67): CodeIgniter\CodeIgniter->run()
#11 {main}
CRITICAL - 2023-01-14 18:03:26 --> Unable to connect to the database.
Main connection [Postgre]: Call to undefined function CodeIgniter\Database\Postgre\pg_connect()
in SYSTEMPATH/Database/BaseConnection.php on line 427.
 1 SYSTEMPATH/Database/BaseConnection.php(573): CodeIgniter\Database\BaseConnection->initialize()
 2 SYSTEMPATH/Database/BaseBuilder.php(2294): CodeIgniter\Database\BaseConnection->query()
 3 SYSTEMPATH/Model.php(329): CodeIgniter\Database\BaseBuilder->insert()
 4 SYSTEMPATH/BaseModel.php(782): CodeIgniter\Model->doInsert()
 5 SYSTEMPATH/Model.php(728): CodeIgniter\BaseModel->insert()
 6 APPPATH/Controllers/Categorias.php(22): CodeIgniter\Model->insert()
 7 SYSTEMPATH/CodeIgniter.php(934): App\Controllers\Categorias->inserir()
 8 SYSTEMPATH/CodeIgniter.php(499): CodeIgniter\CodeIgniter->runController()
 9 SYSTEMPATH/CodeIgniter.php(368): CodeIgniter\CodeIgniter->handleRequest()
10 FCPATH/index.php(67): CodeIgniter\CodeIgniter->run()
ERROR - 2023-01-14 18:03:35 --> Error connecting to the database: Error: Call to undefined function CodeIgniter\Database\Postgre\pg_connect() in /var/www/html/ci4app/vendor/codeigniter4/framework/system/Database/Postgre/Connection.php:75
Stack trace:
#0 /var/www/html/ci4app/vendor/codeigniter4/framework/system/Database/BaseConnection.php(391): CodeIgniter\Database\Postgre\Connection->connect()
#1 /var/www/html/ci4app/vendor/codeigniter4/framework/system/Database/BaseConnection.php(573): CodeIgniter\Database\BaseConnection->initialize()
#2 /var/www/html/ci4app/vendor/codeigniter4/framework/system/Database/BaseBuilder.php(2294): CodeIgniter\Database\BaseConnection->query()
#3 /var/www/html/ci4app/vendor/codeigniter4/framework/system/Model.php(329): CodeIgniter\Database\BaseBuilder->insert()
#4 /var/www/html/ci4app/vendor/codeigniter4/framework/system/BaseModel.php(782): CodeIgniter\Model->doInsert()
#5 /var/www/html/ci4app/vendor/codeigniter4/framework/system/Model.php(728): CodeIgniter\BaseModel->insert()
#6 /var/www/html/ci4app/app/Controllers/Categorias.php(22): CodeIgniter\Model->insert()
#7 /var/www/html/ci4app/vendor/codeigniter4/framework/system/CodeIgniter.php(934): App\Controllers\Categorias->inserir()
#8 /var/www/html/ci4app/vendor/codeigniter4/framework/system/CodeIgniter.php(499): CodeIgniter\CodeIgniter->runController()
#9 /var/www/html/ci4app/vendor/codeigniter4/framework/system/CodeIgniter.php(368): CodeIgniter\CodeIgniter->handleRequest()
#10 /var/www/html/ci4app/public/index.php(67): CodeIgniter\CodeIgniter->run()
#11 {main}
CRITICAL - 2023-01-14 18:03:35 --> Unable to connect to the database.
Main connection [Postgre]: Call to undefined function CodeIgniter\Database\Postgre\pg_connect()
in SYSTEMPATH/Database/BaseConnection.php on line 427.
 1 SYSTEMPATH/Database/BaseConnection.php(573): CodeIgniter\Database\BaseConnection->initialize()
 2 SYSTEMPATH/Database/BaseBuilder.php(2294): CodeIgniter\Database\BaseConnection->query()
 3 SYSTEMPATH/Model.php(329): CodeIgniter\Database\BaseBuilder->insert()
 4 SYSTEMPATH/BaseModel.php(782): CodeIgniter\Model->doInsert()
 5 SYSTEMPATH/Model.php(728): CodeIgniter\BaseModel->insert()
 6 APPPATH/Controllers/Categorias.php(22): CodeIgniter\Model->insert()
 7 SYSTEMPATH/CodeIgniter.php(934): App\Controllers\Categorias->inserir()
 8 SYSTEMPATH/CodeIgniter.php(499): CodeIgniter\CodeIgniter->runController()
 9 SYSTEMPATH/CodeIgniter.php(368): CodeIgniter\CodeIgniter->handleRequest()
10 FCPATH/index.php(67): CodeIgniter\CodeIgniter->run()
ERROR - 2023-01-14 18:04:15 --> Error connecting to the database: Error: Call to undefined function CodeIgniter\Database\Postgre\pg_connect() in /var/www/html/ci4app/vendor/codeigniter4/framework/system/Database/Postgre/Connection.php:75
Stack trace:
#0 /var/www/html/ci4app/vendor/codeigniter4/framework/system/Database/BaseConnection.php(391): CodeIgniter\Database\Postgre\Connection->connect()
#1 /var/www/html/ci4app/vendor/codeigniter4/framework/system/Database/BaseConnection.php(573): CodeIgniter\Database\BaseConnection->initialize()
#2 /var/www/html/ci4app/vendor/codeigniter4/framework/system/Database/BaseBuilder.php(2294): CodeIgniter\Database\BaseConnection->query()
#3 /var/www/html/ci4app/vendor/codeigniter4/framework/system/Model.php(329): CodeIgniter\Database\BaseBuilder->insert()
#4 /var/www/html/ci4app/vendor/codeigniter4/framework/system/BaseModel.php(782): CodeIgniter\Model->doInsert()
#5 /var/www/html/ci4app/vendor/codeigniter4/framework/system/Model.php(728): CodeIgniter\BaseModel->insert()
#6 /var/www/html/ci4app/app/Controllers/Categorias.php(22): CodeIgniter\Model->insert()
#7 /var/www/html/ci4app/vendor/codeigniter4/framework/system/CodeIgniter.php(934): App\Controllers\Categorias->inserir()
#8 /var/www/html/ci4app/vendor/codeigniter4/framework/system/CodeIgniter.php(499): CodeIgniter\CodeIgniter->runController()
#9 /var/www/html/ci4app/vendor/codeigniter4/framework/system/CodeIgniter.php(368): CodeIgniter\CodeIgniter->handleRequest()
#10 /var/www/html/ci4app/public/index.php(67): CodeIgniter\CodeIgniter->run()
#11 {main}
CRITICAL - 2023-01-14 18:04:15 --> Unable to connect to the database.
Main connection [Postgre]: Call to undefined function CodeIgniter\Database\Postgre\pg_connect()
in SYSTEMPATH/Database/BaseConnection.php on line 427.
 1 SYSTEMPATH/Database/BaseConnection.php(573): CodeIgniter\Database\BaseConnection->initialize()
 2 SYSTEMPATH/Database/BaseBuilder.php(2294): CodeIgniter\Database\BaseConnection->query()
 3 SYSTEMPATH/Model.php(329): CodeIgniter\Database\BaseBuilder->insert()
 4 SYSTEMPATH/BaseModel.php(782): CodeIgniter\Model->doInsert()
 5 SYSTEMPATH/Model.php(728): CodeIgniter\BaseModel->insert()
 6 APPPATH/Controllers/Categorias.php(22): CodeIgniter\Model->insert()
 7 SYSTEMPATH/CodeIgniter.php(934): App\Controllers\Categorias->inserir()
 8 SYSTEMPATH/CodeIgniter.php(499): CodeIgniter\CodeIgniter->runController()
 9 SYSTEMPATH/CodeIgniter.php(368): CodeIgniter\CodeIgniter->handleRequest()
10 FCPATH/index.php(67): CodeIgniter\CodeIgniter->run()
ERROR - 2023-01-14 18:11:49 --> Error connecting to the database: Error: Call to undefined function CodeIgniter\Database\Postgre\pg_connect() in /var/www/html/ci4app/vendor/codeigniter4/framework/system/Database/Postgre/Connection.php:75
Stack trace:
#0 /var/www/html/ci4app/vendor/codeigniter4/framework/system/Database/BaseConnection.php(391): CodeIgniter\Database\Postgre\Connection->connect()
#1 /var/www/html/ci4app/vendor/codeigniter4/framework/system/Database/BaseConnection.php(573): CodeIgniter\Database\BaseConnection->initialize()
#2 /var/www/html/ci4app/vendor/codeigniter4/framework/system/Database/BaseBuilder.php(2294): CodeIgniter\Database\BaseConnection->query()
#3 /var/www/html/ci4app/vendor/codeigniter4/framework/system/Model.php(329): CodeIgniter\Database\BaseBuilder->insert()
#4 /var/www/html/ci4app/vendor/codeigniter4/framework/system/BaseModel.php(782): CodeIgniter\Model->doInsert()
#5 /var/www/html/ci4app/vendor/codeigniter4/framework/system/Model.php(728): CodeIgniter\BaseModel->insert()
#6 /var/www/html/ci4app/app/Controllers/Categorias.php(22): CodeIgniter\Model->insert()
#7 /var/www/html/ci4app/vendor/codeigniter4/framework/system/CodeIgniter.php(934): App\Controllers\Categorias->inserir()
#8 /var/www/html/ci4app/vendor/codeigniter4/framework/system/CodeIgniter.php(499): CodeIgniter\CodeIgniter->runController()
#9 /var/www/html/ci4app/vendor/codeigniter4/framework/system/CodeIgniter.php(368): CodeIgniter\CodeIgniter->handleRequest()
#10 /var/www/html/ci4app/public/index.php(67): CodeIgniter\CodeIgniter->run()
#11 {main}
CRITICAL - 2023-01-14 18:11:49 --> Unable to connect to the database.
Main connection [Postgre]: Call to undefined function CodeIgniter\Database\Postgre\pg_connect()
in SYSTEMPATH/Database/BaseConnection.php on line 427.
 1 SYSTEMPATH/Database/BaseConnection.php(573): CodeIgniter\Database\BaseConnection->initialize()
 2 SYSTEMPATH/Database/BaseBuilder.php(2294): CodeIgniter\Database\BaseConnection->query()
 3 SYSTEMPATH/Model.php(329): CodeIgniter\Database\BaseBuilder->insert()
 4 SYSTEMPATH/BaseModel.php(782): CodeIgniter\Model->doInsert()
 5 SYSTEMPATH/Model.php(728): CodeIgniter\BaseModel->insert()
 6 APPPATH/Controllers/Categorias.php(22): CodeIgniter\Model->insert()
 7 SYSTEMPATH/CodeIgniter.php(934): App\Controllers\Categorias->inserir()
 8 SYSTEMPATH/CodeIgniter.php(499): CodeIgniter\CodeIgniter->runController()
 9 SYSTEMPATH/CodeIgniter.php(368): CodeIgniter\CodeIgniter->handleRequest()
10 FCPATH/index.php(67): CodeIgniter\CodeIgniter->run()
ERROR - 2023-01-14 18:12:30 --> Error connecting to the database: Error: Call to undefined function CodeIgniter\Database\Postgre\pg_connect() in /var/www/html/ci4app/vendor/codeigniter4/framework/system/Database/Postgre/Connection.php:75
Stack trace:
#0 /var/www/html/ci4app/vendor/codeigniter4/framework/system/Database/BaseConnection.php(391): CodeIgniter\Database\Postgre\Connection->connect()
#1 /var/www/html/ci4app/vendor/codeigniter4/framework/system/Database/BaseConnection.php(573): CodeIgniter\Database\BaseConnection->initialize()
#2 /var/www/html/ci4app/vendor/codeigniter4/framework/system/Database/BaseBuilder.php(2294): CodeIgniter\Database\BaseConnection->query()
#3 /var/www/html/ci4app/vendor/codeigniter4/framework/system/Model.php(329): CodeIgniter\Database\BaseBuilder->insert()
#4 /var/www/html/ci4app/vendor/codeigniter4/framework/system/BaseModel.php(782): CodeIgniter\Model->doInsert()
#5 /var/www/html/ci4app/vendor/codeigniter4/framework/system/Model.php(728): CodeIgniter\BaseModel->insert()
#6 /var/www/html/ci4app/app/Controllers/Categorias.php(22): CodeIgniter\Model->insert()
#7 /var/www/html/ci4app/vendor/codeigniter4/framework/system/CodeIgniter.php(934): App\Controllers\Categorias->inserir()
#8 /var/www/html/ci4app/vendor/codeigniter4/framework/system/CodeIgniter.php(499): CodeIgniter\CodeIgniter->runController()
#9 /var/www/html/ci4app/vendor/codeigniter4/framework/system/CodeIgniter.php(368): CodeIgniter\CodeIgniter->handleRequest()
#10 /var/www/html/ci4app/public/index.php(67): CodeIgniter\CodeIgniter->run()
#11 {main}
CRITICAL - 2023-01-14 18:12:30 --> Unable to connect to the database.
Main connection [Postgre]: Call to undefined function CodeIgniter\Database\Postgre\pg_connect()
in SYSTEMPATH/Database/BaseConnection.php on line 427.
 1 SYSTEMPATH/Database/BaseConnection.php(573): CodeIgniter\Database\BaseConnection->initialize()
 2 SYSTEMPATH/Database/BaseBuilder.php(2294): CodeIgniter\Database\BaseConnection->query()
 3 SYSTEMPATH/Model.php(329): CodeIgniter\Database\BaseBuilder->insert()
 4 SYSTEMPATH/BaseModel.php(782): CodeIgniter\Model->doInsert()
 5 SYSTEMPATH/Model.php(728): CodeIgniter\BaseModel->insert()
 6 APPPATH/Controllers/Categorias.php(22): CodeIgniter\Model->insert()
 7 SYSTEMPATH/CodeIgniter.php(934): App\Controllers\Categorias->inserir()
 8 SYSTEMPATH/CodeIgniter.php(499): CodeIgniter\CodeIgniter->runController()
 9 SYSTEMPATH/CodeIgniter.php(368): CodeIgniter\CodeIgniter->handleRequest()
10 FCPATH/index.php(67): CodeIgniter\CodeIgniter->run()
CRITICAL - 2023-01-14 18:12:55 --> Class "CodeIgniter\Database\Postgres\Connection" not found
in SYSTEMPATH/Database/Database.php on line 138.
 1 SYSTEMPATH/Database/Database.php(56): CodeIgniter\Database\Database->initDriver()
 2 SYSTEMPATH/Database/Config.php(82): CodeIgniter\Database\Database->load()
 3 SYSTEMPATH/Model.php(154): CodeIgniter\Database\Config::connect()
 4 APPPATH/Controllers/Categorias.php(18): CodeIgniter\Model->__construct()
 5 SYSTEMPATH/CodeIgniter.php(934): App\Controllers\Categorias->inserir()
 6 SYSTEMPATH/CodeIgniter.php(499): CodeIgniter\CodeIgniter->runController()
 7 SYSTEMPATH/CodeIgniter.php(368): CodeIgniter\CodeIgniter->handleRequest()
 8 FCPATH/index.php(67): CodeIgniter\CodeIgniter->run()
ERROR - 2023-01-14 18:25:55 --> mysqli_sql_exception: Unknown column 'nomecategoria' in 'field list' in /var/www/html/ci4app/vendor/codeigniter4/framework/system/Database/MySQLi/Connection.php:295
Stack trace:
#0 /var/www/html/ci4app/vendor/codeigniter4/framework/system/Database/MySQLi/Connection.php(295): mysqli->query()
#1 /var/www/html/ci4app/vendor/codeigniter4/framework/system/Database/BaseConnection.php(691): CodeIgniter\Database\MySQLi\Connection->execute()
#2 /var/www/html/ci4app/vendor/codeigniter4/framework/system/Database/BaseConnection.php(605): CodeIgniter\Database\BaseConnection->simpleQuery()
#3 /var/www/html/ci4app/vendor/codeigniter4/framework/system/Database/BaseBuilder.php(2294): CodeIgniter\Database\BaseConnection->query()
#4 /var/www/html/ci4app/vendor/codeigniter4/framework/system/Model.php(329): CodeIgniter\Database\BaseBuilder->insert()
#5 /var/www/html/ci4app/vendor/codeigniter4/framework/system/BaseModel.php(782): CodeIgniter\Model->doInsert()
#6 /var/www/html/ci4app/vendor/codeigniter4/framework/system/Model.php(728): CodeIgniter\BaseModel->insert()
#7 /var/www/html/ci4app/app/Controllers/Categorias.php(22): CodeIgniter\Model->insert()
#8 /var/www/html/ci4app/vendor/codeigniter4/framework/system/CodeIgniter.php(934): App\Controllers\Categorias->inserir()
#9 /var/www/html/ci4app/vendor/codeigniter4/framework/system/CodeIgniter.php(499): CodeIgniter\CodeIgniter->runController()
#10 /var/www/html/ci4app/vendor/codeigniter4/framework/system/CodeIgniter.php(368): CodeIgniter\CodeIgniter->handleRequest()
#11 /var/www/html/ci4app/public/index.php(67): CodeIgniter\CodeIgniter->run()
#12 {main}
CRITICAL - 2023-01-14 18:25:55 --> Unknown column 'nomecategoria' in 'field list'
in SYSTEMPATH/Database/BaseConnection.php on line 645.
 1 SYSTEMPATH/Database/BaseBuilder.php(2294): CodeIgniter\Database\BaseConnection->query()
 2 SYSTEMPATH/Model.php(329): CodeIgniter\Database\BaseBuilder->insert()
 3 SYSTEMPATH/BaseModel.php(782): CodeIgniter\Model->doInsert()
 4 SYSTEMPATH/Model.php(728): CodeIgniter\BaseModel->insert()
 5 APPPATH/Controllers/Categorias.php(22): CodeIgniter\Model->insert()
 6 SYSTEMPATH/CodeIgniter.php(934): App\Controllers\Categorias->inserir()
 7 SYSTEMPATH/CodeIgniter.php(499): CodeIgniter\CodeIgniter->runController()
 8 SYSTEMPATH/CodeIgniter.php(368): CodeIgniter\CodeIgniter->handleRequest()
 9 FCPATH/index.php(67): CodeIgniter\CodeIgniter->run()
CRITICAL - 2023-01-14 19:10:12 --> Undefined variable $categorias
in APPPATH/Views/categorias.php on line 28.
 1 APPPATH/Views/categorias.php(28): CodeIgniter\Debug\Exceptions->errorHandler()
 2 SYSTEMPATH/View/View.php(213): include('APPPATH/Views/categorias.php')
 3 SYSTEMPATH/View/View.php(216): CodeIgniter\View\View->CodeIgniter\View\{closure}()
 4 SYSTEMPATH/Common.php(1177): CodeIgniter\View\View->render()
 5 APPPATH/Controllers/Categorias.php(13): view()
 6 SYSTEMPATH/CodeIgniter.php(934): App\Controllers\Categorias->index()
 7 SYSTEMPATH/CodeIgniter.php(499): CodeIgniter\CodeIgniter->runController()
 8 SYSTEMPATH/CodeIgniter.php(368): CodeIgniter\CodeIgniter->handleRequest()
 9 FCPATH/index.php(67): CodeIgniter\CodeIgniter->run()
CRITICAL - 2023-01-14 19:10:51 --> Attempt to read property "id" on array
in APPPATH/Views/categorias.php on line 30.
 1 APPPATH/Views/categorias.php(30): CodeIgniter\Debug\Exceptions->errorHandler()
 2 SYSTEMPATH/View/View.php(213): include('APPPATH/Views/categorias.php')
 3 SYSTEMPATH/View/View.php(216): CodeIgniter\View\View->CodeIgniter\View\{closure}()
 4 SYSTEMPATH/Common.php(1177): CodeIgniter\View\View->render()
 5 APPPATH/Controllers/Categorias.php(13): view()
 6 SYSTEMPATH/CodeIgniter.php(934): App\Controllers\Categorias->index()
 7 SYSTEMPATH/CodeIgniter.php(499): CodeIgniter\CodeIgniter->runController()
 8 SYSTEMPATH/CodeIgniter.php(368): CodeIgniter\CodeIgniter->handleRequest()
 9 FCPATH/index.php(67): CodeIgniter\CodeIgniter->run()
CRITICAL - 2023-01-14 20:54:02 --> Attempt to read property "id" on array
in APPPATH/Views/categorias.php on line 30.
 1 APPPATH/Views/categorias.php(30): CodeIgniter\Debug\Exceptions->errorHandler()
 2 SYSTEMPATH/View/View.php(213): include('APPPATH/Views/categorias.php')
 3 SYSTEMPATH/View/View.php(216): CodeIgniter\View\View->CodeIgniter\View\{closure}()
 4 SYSTEMPATH/Common.php(1177): CodeIgniter\View\View->render()
 5 APPPATH/Controllers/Categorias.php(13): view()
 6 SYSTEMPATH/CodeIgniter.php(934): App\Controllers\Categorias->index()
 7 SYSTEMPATH/CodeIgniter.php(499): CodeIgniter\CodeIgniter->runController()
 8 SYSTEMPATH/CodeIgniter.php(368): CodeIgniter\CodeIgniter->handleRequest()
 9 FCPATH/index.php(67): CodeIgniter\CodeIgniter->run()
CRITICAL - 2023-01-14 21:32:13 --> Attempt to read property "id" on array
in APPPATH/Views/categorias.php on line 30.
 1 APPPATH/Views/categorias.php(30): CodeIgniter\Debug\Exceptions->errorHandler()
 2 SYSTEMPATH/View/View.php(213): include('APPPATH/Views/categorias.php')
 3 SYSTEMPATH/View/View.php(216): CodeIgniter\View\View->CodeIgniter\View\{closure}()
 4 SYSTEMPATH/Common.php(1177): CodeIgniter\View\View->render()
 5 APPPATH/Controllers/Categorias.php(13): view()
 6 SYSTEMPATH/CodeIgniter.php(934): App\Controllers\Categorias->index()
 7 SYSTEMPATH/CodeIgniter.php(499): CodeIgniter\CodeIgniter->runController()
 8 SYSTEMPATH/CodeIgniter.php(368): CodeIgniter\CodeIgniter->handleRequest()
 9 FCPATH/index.php(67): CodeIgniter\CodeIgniter->run()
CRITICAL - 2023-01-14 21:32:15 --> Attempt to read property "id" on array
in APPPATH/Views/categorias.php on line 30.
 1 APPPATH/Views/categorias.php(30): CodeIgniter\Debug\Exceptions->errorHandler()
 2 SYSTEMPATH/View/View.php(213): include('APPPATH/Views/categorias.php')
 3 SYSTEMPATH/View/View.php(216): CodeIgniter\View\View->CodeIgniter\View\{closure}()
 4 SYSTEMPATH/Common.php(1177): CodeIgniter\View\View->render()
 5 APPPATH/Controllers/Categorias.php(13): view()
 6 SYSTEMPATH/CodeIgniter.php(934): App\Controllers\Categorias->index()
 7 SYSTEMPATH/CodeIgniter.php(499): CodeIgniter\CodeIgniter->runController()
 8 SYSTEMPATH/CodeIgniter.php(368): CodeIgniter\CodeIgniter->handleRequest()
 9 FCPATH/index.php(67): CodeIgniter\CodeIgniter->run()
CRITICAL - 2023-01-14 21:37:58 --> Attempt to read property "id" on array
in APPPATH/Views/categorias.php on line 30.
 1 APPPATH/Views/categorias.php(30): CodeIgniter\Debug\Exceptions->errorHandler()
 2 SYSTEMPATH/View/View.php(213): include('APPPATH/Views/categorias.php')
 3 SYSTEMPATH/View/View.php(216): CodeIgniter\View\View->CodeIgniter\View\{closure}()
 4 SYSTEMPATH/Common.php(1177): CodeIgniter\View\View->render()
 5 APPPATH/Controllers/Categorias.php(13): view()
 6 SYSTEMPATH/CodeIgniter.php(934): App\Controllers\Categorias->index()
 7 SYSTEMPATH/CodeIgniter.php(499): CodeIgniter\CodeIgniter->runController()
 8 SYSTEMPATH/CodeIgniter.php(368): CodeIgniter\CodeIgniter->handleRequest()
 9 FCPATH/index.php(67): CodeIgniter\CodeIgniter->run()
CRITICAL - 2023-01-14 21:37:59 --> Attempt to read property "id" on array
in APPPATH/Views/categorias.php on line 30.
 1 APPPATH/Views/categorias.php(30): CodeIgniter\Debug\Exceptions->errorHandler()
 2 SYSTEMPATH/View/View.php(213): include('APPPATH/Views/categorias.php')
 3 SYSTEMPATH/View/View.php(216): CodeIgniter\View\View->CodeIgniter\View\{closure}()
 4 SYSTEMPATH/Common.php(1177): CodeIgniter\View\View->render()
 5 APPPATH/Controllers/Categorias.php(13): view()
 6 SYSTEMPATH/CodeIgniter.php(934): App\Controllers\Categorias->index()
 7 SYSTEMPATH/CodeIgniter.php(499): CodeIgniter\CodeIgniter->runController()
 8 SYSTEMPATH/CodeIgniter.php(368): CodeIgniter\CodeIgniter->handleRequest()
 9 FCPATH/index.php(67): CodeIgniter\CodeIgniter->run()
CRITICAL - 2023-01-14 21:37:59 --> Attempt to read property "id" on array
in APPPATH/Views/categorias.php on line 30.
 1 APPPATH/Views/categorias.php(30): CodeIgniter\Debug\Exceptions->errorHandler()
 2 SYSTEMPATH/View/View.php(213): include('APPPATH/Views/categorias.php')
 3 SYSTEMPATH/View/View.php(216): CodeIgniter\View\View->CodeIgniter\View\{closure}()
 4 SYSTEMPATH/Common.php(1177): CodeIgniter\View\View->render()
 5 APPPATH/Controllers/Categorias.php(13): view()
 6 SYSTEMPATH/CodeIgniter.php(934): App\Controllers\Categorias->index()
 7 SYSTEMPATH/CodeIgniter.php(499): CodeIgniter\CodeIgniter->runController()
 8 SYSTEMPATH/CodeIgniter.php(368): CodeIgniter\CodeIgniter->handleRequest()
 9 FCPATH/index.php(67): CodeIgniter\CodeIgniter->run()
CRITICAL - 2023-01-14 21:38:00 --> Attempt to read property "id" on array
in APPPATH/Views/categorias.php on line 30.
 1 APPPATH/Views/categorias.php(30): CodeIgniter\Debug\Exceptions->errorHandler()
 2 SYSTEMPATH/View/View.php(213): include('APPPATH/Views/categorias.php')
 3 SYSTEMPATH/View/View.php(216): CodeIgniter\View\View->CodeIgniter\View\{closure}()
 4 SYSTEMPATH/Common.php(1177): CodeIgniter\View\View->render()
 5 APPPATH/Controllers/Categorias.php(13): view()
 6 SYSTEMPATH/CodeIgniter.php(934): App\Controllers\Categorias->index()
 7 SYSTEMPATH/CodeIgniter.php(499): CodeIgniter\CodeIgniter->runController()
 8 SYSTEMPATH/CodeIgniter.php(368): CodeIgniter\CodeIgniter->handleRequest()
 9 FCPATH/index.php(67): CodeIgniter\CodeIgniter->run()
CRITICAL - 2023-01-14 21:38:02 --> Attempt to read property "id" on array
in APPPATH/Views/categorias.php on line 30.
 1 APPPATH/Views/categorias.php(30): CodeIgniter\Debug\Exceptions->errorHandler()
 2 SYSTEMPATH/View/View.php(213): include('APPPATH/Views/categorias.php')
 3 SYSTEMPATH/View/View.php(216): CodeIgniter\View\View->CodeIgniter\View\{closure}()
 4 SYSTEMPATH/Common.php(1177): CodeIgniter\View\View->render()
 5 APPPATH/Controllers/Categorias.php(13): view()
 6 SYSTEMPATH/CodeIgniter.php(934): App\Controllers\Categorias->index()
 7 SYSTEMPATH/CodeIgniter.php(499): CodeIgniter\CodeIgniter->runController()
 8 SYSTEMPATH/CodeIgniter.php(368): CodeIgniter\CodeIgniter->handleRequest()
 9 FCPATH/index.php(67): CodeIgniter\CodeIgniter->run()
CRITICAL - 2023-01-14 21:38:03 --> Attempt to read property "id" on array
in APPPATH/Views/categorias.php on line 30.
 1 APPPATH/Views/categorias.php(30): CodeIgniter\Debug\Exceptions->errorHandler()
 2 SYSTEMPATH/View/View.php(213): include('APPPATH/Views/categorias.php')
 3 SYSTEMPATH/View/View.php(216): CodeIgniter\View\View->CodeIgniter\View\{closure}()
 4 SYSTEMPATH/Common.php(1177): CodeIgniter\View\View->render()
 5 APPPATH/Controllers/Categorias.php(13): view()
 6 SYSTEMPATH/CodeIgniter.php(934): App\Controllers\Categorias->index()
 7 SYSTEMPATH/CodeIgniter.php(499): CodeIgniter\CodeIgniter->runController()
 8 SYSTEMPATH/CodeIgniter.php(368): CodeIgniter\CodeIgniter->handleRequest()
 9 FCPATH/index.php(67): CodeIgniter\CodeIgniter->run()
CRITICAL - 2023-01-14 21:38:04 --> Attempt to read property "id" on array
in APPPATH/Views/categorias.php on line 30.
 1 APPPATH/Views/categorias.php(30): CodeIgniter\Debug\Exceptions->errorHandler()
 2 SYSTEMPATH/View/View.php(213): include('APPPATH/Views/categorias.php')
 3 SYSTEMPATH/View/View.php(216): CodeIgniter\View\View->CodeIgniter\View\{closure}()
 4 SYSTEMPATH/Common.php(1177): CodeIgniter\View\View->render()
 5 APPPATH/Controllers/Categorias.php(13): view()
 6 SYSTEMPATH/CodeIgniter.php(934): App\Controllers\Categorias->index()
 7 SYSTEMPATH/CodeIgniter.php(499): CodeIgniter\CodeIgniter->runController()
 8 SYSTEMPATH/CodeIgniter.php(368): CodeIgniter\CodeIgniter->handleRequest()
 9 FCPATH/index.php(67): CodeIgniter\CodeIgniter->run()
CRITICAL - 2023-01-14 21:38:42 --> Attempt to read property "id" on array
in APPPATH/Views/categorias.php on line 30.
 1 APPPATH/Views/categorias.php(30): CodeIgniter\Debug\Exceptions->errorHandler()
 2 SYSTEMPATH/View/View.php(213): include('APPPATH/Views/categorias.php')
 3 SYSTEMPATH/View/View.php(216): CodeIgniter\View\View->CodeIgniter\View\{closure}()
 4 SYSTEMPATH/Common.php(1177): CodeIgniter\View\View->render()
 5 APPPATH/Controllers/Categorias.php(13): view()
 6 SYSTEMPATH/CodeIgniter.php(934): App\Controllers\Categorias->index()
 7 SYSTEMPATH/CodeIgniter.php(499): CodeIgniter\CodeIgniter->runController()
 8 SYSTEMPATH/CodeIgniter.php(368): CodeIgniter\CodeIgniter->handleRequest()
 9 FCPATH/index.php(67): CodeIgniter\CodeIgniter->run()
CRITICAL - 2023-01-14 21:38:44 --> Attempt to read property "id" on array
in APPPATH/Views/categorias.php on line 30.
 1 APPPATH/Views/categorias.php(30): CodeIgniter\Debug\Exceptions->errorHandler()
 2 SYSTEMPATH/View/View.php(213): include('APPPATH/Views/categorias.php')
 3 SYSTEMPATH/View/View.php(216): CodeIgniter\View\View->CodeIgniter\View\{closure}()
 4 SYSTEMPATH/Common.php(1177): CodeIgniter\View\View->render()
 5 APPPATH/Controllers/Categorias.php(13): view()
 6 SYSTEMPATH/CodeIgniter.php(934): App\Controllers\Categorias->index()
 7 SYSTEMPATH/CodeIgniter.php(499): CodeIgniter\CodeIgniter->runController()
 8 SYSTEMPATH/CodeIgniter.php(368): CodeIgniter\CodeIgniter->handleRequest()
 9 FCPATH/index.php(67): CodeIgniter\CodeIgniter->run()
CRITICAL - 2023-01-14 21:38:45 --> Attempt to read property "id" on array
in APPPATH/Views/categorias.php on line 30.
 1 APPPATH/Views/categorias.php(30): CodeIgniter\Debug\Exceptions->errorHandler()
 2 SYSTEMPATH/View/View.php(213): include('APPPATH/Views/categorias.php')
 3 SYSTEMPATH/View/View.php(216): CodeIgniter\View\View->CodeIgniter\View\{closure}()
 4 SYSTEMPATH/Common.php(1177): CodeIgniter\View\View->render()
 5 APPPATH/Controllers/Categorias.php(13): view()
 6 SYSTEMPATH/CodeIgniter.php(934): App\Controllers\Categorias->index()
 7 SYSTEMPATH/CodeIgniter.php(499): CodeIgniter\CodeIgniter->runController()
 8 SYSTEMPATH/CodeIgniter.php(368): CodeIgniter\CodeIgniter->handleRequest()
 9 FCPATH/index.php(67): CodeIgniter\CodeIgniter->run()
CRITICAL - 2023-01-14 21:38:48 --> Attempt to read property "id" on array
in APPPATH/Views/categorias.php on line 30.
 1 APPPATH/Views/categorias.php(30): CodeIgniter\Debug\Exceptions->errorHandler()
 2 SYSTEMPATH/View/View.php(213): include('APPPATH/Views/categorias.php')
 3 SYSTEMPATH/View/View.php(216): CodeIgniter\View\View->CodeIgniter\View\{closure}()
 4 SYSTEMPATH/Common.php(1177): CodeIgniter\View\View->render()
 5 APPPATH/Controllers/Categorias.php(13): view()
 6 SYSTEMPATH/CodeIgniter.php(934): App\Controllers\Categorias->index()
 7 SYSTEMPATH/CodeIgniter.php(499): CodeIgniter\CodeIgniter->runController()
 8 SYSTEMPATH/CodeIgniter.php(368): CodeIgniter\CodeIgniter->handleRequest()
 9 FCPATH/index.php(67): CodeIgniter\CodeIgniter->run()
CRITICAL - 2023-01-14 23:10:41 --> Attempt to read property "id" on array
in APPPATH/Views/categorias.php on line 30.
 1 APPPATH/Views/categorias.php(30): CodeIgniter\Debug\Exceptions->errorHandler()
 2 SYSTEMPATH/View/View.php(213): include('APPPATH/Views/categorias.php')
 3 SYSTEMPATH/View/View.php(216): CodeIgniter\View\View->CodeIgniter\View\{closure}()
 4 SYSTEMPATH/Common.php(1177): CodeIgniter\View\View->render()
 5 APPPATH/Controllers/Categorias.php(13): view()
 6 SYSTEMPATH/CodeIgniter.php(934): App\Controllers\Categorias->index()
 7 SYSTEMPATH/CodeIgniter.php(499): CodeIgniter\CodeIgniter->runController()
 8 SYSTEMPATH/CodeIgniter.php(368): CodeIgniter\CodeIgniter->handleRequest()
 9 FCPATH/index.php(67): CodeIgniter\CodeIgniter->run()
CRITICAL - 2023-01-14 23:10:42 --> Attempt to read property "id" on array
in APPPATH/Views/categorias.php on line 30.
 1 APPPATH/Views/categorias.php(30): CodeIgniter\Debug\Exceptions->errorHandler()
 2 SYSTEMPATH/View/View.php(213): include('APPPATH/Views/categorias.php')
 3 SYSTEMPATH/View/View.php(216): CodeIgniter\View\View->CodeIgniter\View\{closure}()
 4 SYSTEMPATH/Common.php(1177): CodeIgniter\View\View->render()
 5 APPPATH/Controllers/Categorias.php(13): view()
 6 SYSTEMPATH/CodeIgniter.php(934): App\Controllers\Categorias->index()
 7 SYSTEMPATH/CodeIgniter.php(499): CodeIgniter\CodeIgniter->runController()
 8 SYSTEMPATH/CodeIgniter.php(368): CodeIgniter\CodeIgniter->handleRequest()
 9 FCPATH/index.php(67): CodeIgniter\CodeIgniter->run()
CRITICAL - 2023-01-14 23:15:19 --> Attempt to read property "id" on array
in APPPATH/Views/categorias.php on line 30.
 1 APPPATH/Views/categorias.php(30): CodeIgniter\Debug\Exceptions->errorHandler()
 2 SYSTEMPATH/View/View.php(213): include('APPPATH/Views/categorias.php')
 3 SYSTEMPATH/View/View.php(216): CodeIgniter\View\View->CodeIgniter\View\{closure}()
 4 SYSTEMPATH/Common.php(1177): CodeIgniter\View\View->render()
 5 APPPATH/Controllers/Categorias.php(13): view()
 6 SYSTEMPATH/CodeIgniter.php(934): App\Controllers\Categorias->index()
 7 SYSTEMPATH/CodeIgniter.php(499): CodeIgniter\CodeIgniter->runController()
 8 SYSTEMPATH/CodeIgniter.php(368): CodeIgniter\CodeIgniter->handleRequest()
 9 FCPATH/index.php(67): CodeIgniter\CodeIgniter->run()
CRITICAL - 2023-01-14 23:15:20 --> Attempt to read property "id" on array
in APPPATH/Views/categorias.php on line 30.
 1 APPPATH/Views/categorias.php(30): CodeIgniter\Debug\Exceptions->errorHandler()
 2 SYSTEMPATH/View/View.php(213): include('APPPATH/Views/categorias.php')
 3 SYSTEMPATH/View/View.php(216): CodeIgniter\View\View->CodeIgniter\View\{closure}()
 4 SYSTEMPATH/Common.php(1177): CodeIgniter\View\View->render()
 5 APPPATH/Controllers/Categorias.php(13): view()
 6 SYSTEMPATH/CodeIgniter.php(934): App\Controllers\Categorias->index()
 7 SYSTEMPATH/CodeIgniter.php(499): CodeIgniter\CodeIgniter->runController()
 8 SYSTEMPATH/CodeIgniter.php(368): CodeIgniter\CodeIgniter->handleRequest()
 9 FCPATH/index.php(67): CodeIgniter\CodeIgniter->run()
CRITICAL - 2023-01-14 23:15:33 --> Attempt to read property "id" on array
in APPPATH/Views/categorias.php on line 30.
 1 APPPATH/Views/categorias.php(30): CodeIgniter\Debug\Exceptions->errorHandler()
 2 SYSTEMPATH/View/View.php(213): include('APPPATH/Views/categorias.php')
 3 SYSTEMPATH/View/View.php(216): CodeIgniter\View\View->CodeIgniter\View\{closure}()
 4 SYSTEMPATH/Common.php(1177): CodeIgniter\View\View->render()
 5 APPPATH/Controllers/Categorias.php(13): view()
 6 SYSTEMPATH/CodeIgniter.php(934): App\Controllers\Categorias->index()
 7 SYSTEMPATH/CodeIgniter.php(499): CodeIgniter\CodeIgniter->runController()
 8 SYSTEMPATH/CodeIgniter.php(368): CodeIgniter\CodeIgniter->handleRequest()
 9 FCPATH/index.php(67): CodeIgniter\CodeIgniter->run()
CRITICAL - 2023-01-14 23:15:39 --> Attempt to read property "id" on array
in APPPATH/Views/categorias.php on line 30.
 1 APPPATH/Views/categorias.php(30): CodeIgniter\Debug\Exceptions->errorHandler()
 2 SYSTEMPATH/View/View.php(213): include('APPPATH/Views/categorias.php')
 3 SYSTEMPATH/View/View.php(216): CodeIgniter\View\View->CodeIgniter\View\{closure}()
 4 SYSTEMPATH/Common.php(1177): CodeIgniter\View\View->render()
 5 APPPATH/Controllers/Categorias.php(13): view()
 6 SYSTEMPATH/CodeIgniter.php(934): App\Controllers\Categorias->index()
 7 SYSTEMPATH/CodeIgniter.php(499): CodeIgniter\CodeIgniter->runController()
 8 SYSTEMPATH/CodeIgniter.php(368): CodeIgniter\CodeIgniter->handleRequest()
 9 FCPATH/index.php(67): CodeIgniter\CodeIgniter->run()
CRITICAL - 2023-01-14 23:16:06 --> Attempt to read property "nomecategoria" on array
in APPPATH/Views/categorias.php on line 32.
 1 APPPATH/Views/categorias.php(32): CodeIgniter\Debug\Exceptions->errorHandler()
 2 SYSTEMPATH/View/View.php(213): include('APPPATH/Views/categorias.php')
 3 SYSTEMPATH/View/View.php(216): CodeIgniter\View\View->CodeIgniter\View\{closure}()
 4 SYSTEMPATH/Common.php(1177): CodeIgniter\View\View->render()
 5 APPPATH/Controllers/Categorias.php(13): view()
 6 SYSTEMPATH/CodeIgniter.php(934): App\Controllers\Categorias->index()
 7 SYSTEMPATH/CodeIgniter.php(499): CodeIgniter\CodeIgniter->runController()
 8 SYSTEMPATH/CodeIgniter.php(368): CodeIgniter\CodeIgniter->handleRequest()
 9 FCPATH/index.php(67): CodeIgniter\CodeIgniter->run()
CRITICAL - 2023-01-14 23:16:32 --> Array to string conversion
in APPPATH/Views/categorias.php on line 32.
 1 APPPATH/Views/categorias.php(32): CodeIgniter\Debug\Exceptions->errorHandler()
 2 SYSTEMPATH/View/View.php(213): include('APPPATH/Views/categorias.php')
 3 SYSTEMPATH/View/View.php(216): CodeIgniter\View\View->CodeIgniter\View\{closure}()
 4 SYSTEMPATH/Common.php(1177): CodeIgniter\View\View->render()
 5 APPPATH/Controllers/Categorias.php(13): view()
 6 SYSTEMPATH/CodeIgniter.php(934): App\Controllers\Categorias->index()
 7 SYSTEMPATH/CodeIgniter.php(499): CodeIgniter\CodeIgniter->runController()
 8 SYSTEMPATH/CodeIgniter.php(368): CodeIgniter\CodeIgniter->handleRequest()
 9 FCPATH/index.php(67): CodeIgniter\CodeIgniter->run()
CRITICAL - 2023-01-14 23:16:52 --> Undefined array key 0
in APPPATH/Views/categorias.php on line 32.
 1 APPPATH/Views/categorias.php(32): CodeIgniter\Debug\Exceptions->errorHandler()
 2 SYSTEMPATH/View/View.php(213): include('APPPATH/Views/categorias.php')
 3 SYSTEMPATH/View/View.php(216): CodeIgniter\View\View->CodeIgniter\View\{closure}()
 4 SYSTEMPATH/Common.php(1177): CodeIgniter\View\View->render()
 5 APPPATH/Controllers/Categorias.php(13): view()
 6 SYSTEMPATH/CodeIgniter.php(934): App\Controllers\Categorias->index()
 7 SYSTEMPATH/CodeIgniter.php(499): CodeIgniter\CodeIgniter->runController()
 8 SYSTEMPATH/CodeIgniter.php(368): CodeIgniter\CodeIgniter->handleRequest()
 9 FCPATH/index.php(67): CodeIgniter\CodeIgniter->run()
CRITICAL - 2023-01-14 23:17:01 --> Undefined constant "id"
in APPPATH/Views/categorias.php on line 32.
 1 SYSTEMPATH/View/View.php(213): include()
 2 SYSTEMPATH/View/View.php(216): CodeIgniter\View\View->CodeIgniter\View\{closure}()
 3 SYSTEMPATH/Common.php(1177): CodeIgniter\View\View->render()
 4 APPPATH/Controllers/Categorias.php(13): view()
 5 SYSTEMPATH/CodeIgniter.php(934): App\Controllers\Categorias->index()
 6 SYSTEMPATH/CodeIgniter.php(499): CodeIgniter\CodeIgniter->runController()
 7 SYSTEMPATH/CodeIgniter.php(368): CodeIgniter\CodeIgniter->handleRequest()
 8 FCPATH/index.php(67): CodeIgniter\CodeIgniter->run()
CRITICAL - 2023-01-14 23:17:33 --> Array to string conversion
in APPPATH/Views/categorias.php on line 32.
 1 APPPATH/Views/categorias.php(32): CodeIgniter\Debug\Exceptions->errorHandler()
 2 SYSTEMPATH/View/View.php(213): include('APPPATH/Views/categorias.php')
 3 SYSTEMPATH/View/View.php(216): CodeIgniter\View\View->CodeIgniter\View\{closure}()
 4 SYSTEMPATH/Common.php(1177): CodeIgniter\View\View->render()
 5 APPPATH/Controllers/Categorias.php(13): view()
 6 SYSTEMPATH/CodeIgniter.php(934): App\Controllers\Categorias->index()
 7 SYSTEMPATH/CodeIgniter.php(499): CodeIgniter\CodeIgniter->runController()
 8 SYSTEMPATH/CodeIgniter.php(368): CodeIgniter\CodeIgniter->handleRequest()
 9 FCPATH/index.php(67): CodeIgniter\CodeIgniter->run()
CRITICAL - 2023-01-14 23:25:31 --> Attempt to read property "nomecategoria" on array
in APPPATH/Views/categorias.php on line 32.
 1 APPPATH/Views/categorias.php(32): CodeIgniter\Debug\Exceptions->errorHandler()
 2 SYSTEMPATH/View/View.php(213): include('APPPATH/Views/categorias.php')
 3 SYSTEMPATH/View/View.php(216): CodeIgniter\View\View->CodeIgniter\View\{closure}()
 4 SYSTEMPATH/Common.php(1177): CodeIgniter\View\View->render()
 5 APPPATH/Controllers/Categorias.php(13): view()
 6 SYSTEMPATH/CodeIgniter.php(934): App\Controllers\Categorias->index()
 7 SYSTEMPATH/CodeIgniter.php(499): CodeIgniter\CodeIgniter->runController()
 8 SYSTEMPATH/CodeIgniter.php(368): CodeIgniter\CodeIgniter->handleRequest()
 9 FCPATH/index.php(67): CodeIgniter\CodeIgniter->run()
CRITICAL - 2023-01-14 23:33:13 --> Array to string conversion
in APPPATH/Views/categorias.php on line 32.
 1 APPPATH/Views/categorias.php(32): CodeIgniter\Debug\Exceptions->errorHandler()
 2 SYSTEMPATH/View/View.php(213): include('APPPATH/Views/categorias.php')
 3 SYSTEMPATH/View/View.php(216): CodeIgniter\View\View->CodeIgniter\View\{closure}()
 4 SYSTEMPATH/Common.php(1177): CodeIgniter\View\View->render()
 5 APPPATH/Controllers/Categorias.php(13): view()
 6 SYSTEMPATH/CodeIgniter.php(934): App\Controllers\Categorias->index()
 7 SYSTEMPATH/CodeIgniter.php(499): CodeIgniter\CodeIgniter->runController()
 8 SYSTEMPATH/CodeIgniter.php(368): CodeIgniter\CodeIgniter->handleRequest()
 9 FCPATH/index.php(67): CodeIgniter\CodeIgniter->run()
CRITICAL - 2023-01-14 23:33:14 --> Array to string conversion
in APPPATH/Views/categorias.php on line 32.
 1 APPPATH/Views/categorias.php(32): CodeIgniter\Debug\Exceptions->errorHandler()
 2 SYSTEMPATH/View/View.php(213): include('APPPATH/Views/categorias.php')
 3 SYSTEMPATH/View/View.php(216): CodeIgniter\View\View->CodeIgniter\View\{closure}()
 4 SYSTEMPATH/Common.php(1177): CodeIgniter\View\View->render()
 5 APPPATH/Controllers/Categorias.php(13): view()
 6 SYSTEMPATH/CodeIgniter.php(934): App\Controllers\Categorias->index()
 7 SYSTEMPATH/CodeIgniter.php(499): CodeIgniter\CodeIgniter->runController()
 8 SYSTEMPATH/CodeIgniter.php(368): CodeIgniter\CodeIgniter->handleRequest()
 9 FCPATH/index.php(67): CodeIgniter\CodeIgniter->run()
CRITICAL - 2023-01-14 23:36:27 --> Attempt to read property "id" on array
in APPPATH/Views/categorias.php on line 30.
 1 APPPATH/Views/categorias.php(30): CodeIgniter\Debug\Exceptions->errorHandler()
 2 SYSTEMPATH/View/View.php(213): include('APPPATH/Views/categorias.php')
 3 SYSTEMPATH/View/View.php(216): CodeIgniter\View\View->CodeIgniter\View\{closure}()
 4 SYSTEMPATH/Common.php(1177): CodeIgniter\View\View->render()
 5 APPPATH/Controllers/Categorias.php(13): view()
 6 SYSTEMPATH/CodeIgniter.php(934): App\Controllers\Categorias->index()
 7 SYSTEMPATH/CodeIgniter.php(499): CodeIgniter\CodeIgniter->runController()
 8 SYSTEMPATH/CodeIgniter.php(368): CodeIgniter\CodeIgniter->handleRequest()
 9 FCPATH/index.php(67): CodeIgniter\CodeIgniter->run()
