CRITICAL - 2023-01-15 14:51:27 --> Call to a member function set() on array
in APPPATH/Controllers/Categorias.php on line 50.
 1 SYSTEMPATH/CodeIgniter.php(934): App\Controllers\Categorias->editar()
 2 SYSTEMPATH/CodeIgniter.php(499): CodeIgniter\CodeIgniter->runController()
 3 SYSTEMPATH/CodeIgniter.php(368): CodeIgniter\CodeIgniter->handleRequest()
 4 FCPATH/index.php(67): CodeIgniter\CodeIgniter->run()
CRITICAL - 2023-01-15 14:52:15 --> Call to a member function set() on array
in APPPATH/Controllers/Categorias.php on line 50.
 1 SYSTEMPATH/CodeIgniter.php(934): App\Controllers\Categorias->editar()
 2 SYSTEMPATH/CodeIgniter.php(499): CodeIgniter\CodeIgniter->runController()
 3 SYSTEMPATH/CodeIgniter.php(368): CodeIgniter\CodeIgniter->handleRequest()
 4 FCPATH/index.php(67): CodeIgniter\CodeIgniter->run()
CRITICAL - 2023-01-15 14:55:21 --> Attempt to assign property "nomecategoria" on array
in APPPATH/Controllers/Categorias.php on line 50.
 1 SYSTEMPATH/CodeIgniter.php(934): App\Controllers\Categorias->editar()
 2 SYSTEMPATH/CodeIgniter.php(499): CodeIgniter\CodeIgniter->runController()
 3 SYSTEMPATH/CodeIgniter.php(368): CodeIgniter\CodeIgniter->handleRequest()
 4 FCPATH/index.php(67): CodeIgniter\CodeIgniter->run()
CRITICAL - 2023-01-15 15:42:29 --> Could not check compatibility between App\Controllers\Categorias::initController(App\Controllers\RequestInterface $request, App\Controllers\ResponseInterface $response, App\Controllers\LoggerInterface $logger) and App\Controllers\BaseController::initController(CodeIgniter\HTTP\RequestInterface $request, CodeIgniter\HTTP\ResponseInterface $response, Psr\Log\LoggerInterface $logger), because class App\Controllers\RequestInterface is not available
in APPPATH/Controllers/Categorias.php on line 7.
 1 [internal function]: CodeIgniter\Debug\Exceptions->shutdownHandler()
CRITICAL - 2023-01-15 15:43:07 --> Could not check compatibility between App\Controllers\Categorias::initController(App\Controllers\RequestInterface $request, App\Controllers\ResponseInterface $response, App\Controllers\LoggerInterface $logger) and App\Controllers\BaseController::initController(CodeIgniter\HTTP\RequestInterface $request, CodeIgniter\HTTP\ResponseInterface $response, Psr\Log\LoggerInterface $logger), because class App\Controllers\RequestInterface is not available
in APPPATH/Controllers/Categorias.php on line 7.
 1 [internal function]: CodeIgniter\Debug\Exceptions->shutdownHandler()
CRITICAL - 2023-01-15 15:43:31 --> Could not check compatibility between App\Controllers\Categorias::initController(App\Controllers\RequestInterface $request, App\Controllers\ResponseInterface $response, App\Controllers\LoggerInterface $logger) and App\Controllers\BaseController::initController(CodeIgniter\HTTP\RequestInterface $request, CodeIgniter\HTTP\ResponseInterface $response, Psr\Log\LoggerInterface $logger), because class App\Controllers\RequestInterface is not available
in APPPATH/Controllers/Categorias.php on line 8.
 1 [internal function]: CodeIgniter\Debug\Exceptions->shutdownHandler()
CRITICAL - 2023-01-15 15:43:33 --> Could not check compatibility between App\Controllers\Categorias::initController(App\Controllers\RequestInterface $request, App\Controllers\ResponseInterface $response, App\Controllers\LoggerInterface $logger) and App\Controllers\BaseController::initController(CodeIgniter\HTTP\RequestInterface $request, CodeIgniter\HTTP\ResponseInterface $response, Psr\Log\LoggerInterface $logger), because class App\Controllers\RequestInterface is not available
in APPPATH/Controllers/Categorias.php on line 8.
 1 [internal function]: CodeIgniter\Debug\Exceptions->shutdownHandler()
CRITICAL - 2023-01-15 15:43:38 --> Could not check compatibility between App\Controllers\Categorias::initController(App\Controllers\RequestInterface $request, App\Controllers\ResponseInterface $response, App\Controllers\LoggerInterface $logger) and App\Controllers\BaseController::initController(CodeIgniter\HTTP\RequestInterface $request, CodeIgniter\HTTP\ResponseInterface $response, Psr\Log\LoggerInterface $logger), because class App\Controllers\RequestInterface is not available
in APPPATH/Controllers/Categorias.php on line 8.
 1 [internal function]: CodeIgniter\Debug\Exceptions->shutdownHandler()
INFO - 2023-01-15 15:47:32 --> Session: Class initialized using 'CodeIgniter\Session\Handlers\FileHandler' driver.
INFO - 2023-01-15 15:47:38 --> Session: Class initialized using 'CodeIgniter\Session\Handlers\FileHandler' driver.
INFO - 2023-01-15 15:47:38 --> Session: Class initialized using 'CodeIgniter\Session\Handlers\FileHandler' driver.
INFO - 2023-01-15 15:52:18 --> Session: Class initialized using 'CodeIgniter\Session\Handlers\FileHandler' driver.
INFO - 2023-01-15 15:52:28 --> Session: Class initialized using 'CodeIgniter\Session\Handlers\FileHandler' driver.
INFO - 2023-01-15 15:52:28 --> Session: Class initialized using 'CodeIgniter\Session\Handlers\FileHandler' driver.
INFO - 2023-01-15 19:21:49 --> Session: Class initialized using 'CodeIgniter\Session\Handlers\FileHandler' driver.
INFO - 2023-01-15 19:36:55 --> Session: Class initialized using 'CodeIgniter\Session\Handlers\FileHandler' driver.
INFO - 2023-01-15 19:36:56 --> Session: Class initialized using 'CodeIgniter\Session\Handlers\FileHandler' driver.
CRITICAL - 2023-01-15 19:37:29 --> Attempt to read property "id" on array
in APPPATH/Controllers/Produtos.php on line 22.
 1 APPPATH/Controllers/Produtos.php(22): CodeIgniter\Debug\Exceptions->errorHandler()
 2 SYSTEMPATH/CodeIgniter.php(934): App\Controllers\Produtos->inserir()
 3 SYSTEMPATH/CodeIgniter.php(499): CodeIgniter\CodeIgniter->runController()
 4 SYSTEMPATH/CodeIgniter.php(368): CodeIgniter\CodeIgniter->handleRequest()
 5 FCPATH/index.php(67): CodeIgniter\CodeIgniter->run()
CRITICAL - 2023-01-15 19:38:25 --> Attempt to read property "nomecategoria" on array
in APPPATH/Controllers/Produtos.php on line 22.
 1 APPPATH/Controllers/Produtos.php(22): CodeIgniter\Debug\Exceptions->errorHandler()
 2 SYSTEMPATH/CodeIgniter.php(934): App\Controllers\Produtos->inserir()
 3 SYSTEMPATH/CodeIgniter.php(499): CodeIgniter\CodeIgniter->runController()
 4 SYSTEMPATH/CodeIgniter.php(368): CodeIgniter\CodeIgniter->handleRequest()
 5 FCPATH/index.php(67): CodeIgniter\CodeIgniter->run()
CRITICAL - 2023-01-15 19:58:03 --> Call to undefined function App\Models\ProdutoModel()
in APPPATH/Controllers/Produtos.php on line 18.
 1 SYSTEMPATH/CodeIgniter.php(934): App\Controllers\Produtos->inserir()
 2 SYSTEMPATH/CodeIgniter.php(499): CodeIgniter\CodeIgniter->runController()
 3 SYSTEMPATH/CodeIgniter.php(368): CodeIgniter\CodeIgniter->handleRequest()
 4 FCPATH/index.php(67): CodeIgniter\CodeIgniter->run()
ERROR - 2023-01-15 20:05:22 --> mysqli_sql_exception: Unknown column 'nomeproduto' in 'field list' in /var/www/html/ci4app/vendor/codeigniter4/framework/system/Database/MySQLi/Connection.php:295
Stack trace:
#0 /var/www/html/ci4app/vendor/codeigniter4/framework/system/Database/MySQLi/Connection.php(295): mysqli->query()
#1 /var/www/html/ci4app/vendor/codeigniter4/framework/system/Database/BaseConnection.php(691): CodeIgniter\Database\MySQLi\Connection->execute()
#2 /var/www/html/ci4app/vendor/codeigniter4/framework/system/Database/BaseConnection.php(605): CodeIgniter\Database\BaseConnection->simpleQuery()
#3 /var/www/html/ci4app/vendor/codeigniter4/framework/system/Database/BaseBuilder.php(2294): CodeIgniter\Database\BaseConnection->query()
#4 /var/www/html/ci4app/vendor/codeigniter4/framework/system/Model.php(329): CodeIgniter\Database\BaseBuilder->insert()
#5 /var/www/html/ci4app/vendor/codeigniter4/framework/system/BaseModel.php(782): CodeIgniter\Model->doInsert()
#6 /var/www/html/ci4app/vendor/codeigniter4/framework/system/Model.php(728): CodeIgniter\BaseModel->insert()
#7 /var/www/html/ci4app/app/Controllers/Produtos.php(21): CodeIgniter\Model->insert()
#8 /var/www/html/ci4app/vendor/codeigniter4/framework/system/CodeIgniter.php(934): App\Controllers\Produtos->inserir()
#9 /var/www/html/ci4app/vendor/codeigniter4/framework/system/CodeIgniter.php(499): CodeIgniter\CodeIgniter->runController()
#10 /var/www/html/ci4app/vendor/codeigniter4/framework/system/CodeIgniter.php(368): CodeIgniter\CodeIgniter->handleRequest()
#11 /var/www/html/ci4app/public/index.php(67): CodeIgniter\CodeIgniter->run()
#12 {main}
CRITICAL - 2023-01-15 20:05:22 --> Unknown column 'nomeproduto' in 'field list'
in SYSTEMPATH/Database/BaseConnection.php on line 645.
 1 SYSTEMPATH/Database/BaseBuilder.php(2294): CodeIgniter\Database\BaseConnection->query()
 2 SYSTEMPATH/Model.php(329): CodeIgniter\Database\BaseBuilder->insert()
 3 SYSTEMPATH/BaseModel.php(782): CodeIgniter\Model->doInsert()
 4 SYSTEMPATH/Model.php(728): CodeIgniter\BaseModel->insert()
 5 APPPATH/Controllers/Produtos.php(21): CodeIgniter\Model->insert()
 6 SYSTEMPATH/CodeIgniter.php(934): App\Controllers\Produtos->inserir()
 7 SYSTEMPATH/CodeIgniter.php(499): CodeIgniter\CodeIgniter->runController()
 8 SYSTEMPATH/CodeIgniter.php(368): CodeIgniter\CodeIgniter->handleRequest()
 9 FCPATH/index.php(67): CodeIgniter\CodeIgniter->run()
ERROR - 2023-01-15 20:06:50 --> mysqli_sql_exception: Unknown column 'nomeproduto' in 'field list' in /var/www/html/ci4app/vendor/codeigniter4/framework/system/Database/MySQLi/Connection.php:295
Stack trace:
#0 /var/www/html/ci4app/vendor/codeigniter4/framework/system/Database/MySQLi/Connection.php(295): mysqli->query()
#1 /var/www/html/ci4app/vendor/codeigniter4/framework/system/Database/BaseConnection.php(691): CodeIgniter\Database\MySQLi\Connection->execute()
#2 /var/www/html/ci4app/vendor/codeigniter4/framework/system/Database/BaseConnection.php(605): CodeIgniter\Database\BaseConnection->simpleQuery()
#3 /var/www/html/ci4app/vendor/codeigniter4/framework/system/Database/BaseBuilder.php(2294): CodeIgniter\Database\BaseConnection->query()
#4 /var/www/html/ci4app/vendor/codeigniter4/framework/system/Model.php(329): CodeIgniter\Database\BaseBuilder->insert()
#5 /var/www/html/ci4app/vendor/codeigniter4/framework/system/BaseModel.php(782): CodeIgniter\Model->doInsert()
#6 /var/www/html/ci4app/vendor/codeigniter4/framework/system/Model.php(728): CodeIgniter\BaseModel->insert()
#7 /var/www/html/ci4app/app/Controllers/Produtos.php(21): CodeIgniter\Model->insert()
#8 /var/www/html/ci4app/vendor/codeigniter4/framework/system/CodeIgniter.php(934): App\Controllers\Produtos->inserir()
#9 /var/www/html/ci4app/vendor/codeigniter4/framework/system/CodeIgniter.php(499): CodeIgniter\CodeIgniter->runController()
#10 /var/www/html/ci4app/vendor/codeigniter4/framework/system/CodeIgniter.php(368): CodeIgniter\CodeIgniter->handleRequest()
#11 /var/www/html/ci4app/public/index.php(67): CodeIgniter\CodeIgniter->run()
#12 {main}
CRITICAL - 2023-01-15 20:06:50 --> Unknown column 'nomeproduto' in 'field list'
in SYSTEMPATH/Database/BaseConnection.php on line 645.
 1 SYSTEMPATH/Database/BaseBuilder.php(2294): CodeIgniter\Database\BaseConnection->query()
 2 SYSTEMPATH/Model.php(329): CodeIgniter\Database\BaseBuilder->insert()
 3 SYSTEMPATH/BaseModel.php(782): CodeIgniter\Model->doInsert()
 4 SYSTEMPATH/Model.php(728): CodeIgniter\BaseModel->insert()
 5 APPPATH/Controllers/Produtos.php(21): CodeIgniter\Model->insert()
 6 SYSTEMPATH/CodeIgniter.php(934): App\Controllers\Produtos->inserir()
 7 SYSTEMPATH/CodeIgniter.php(499): CodeIgniter\CodeIgniter->runController()
 8 SYSTEMPATH/CodeIgniter.php(368): CodeIgniter\CodeIgniter->handleRequest()
 9 FCPATH/index.php(67): CodeIgniter\CodeIgniter->run()
